1565531616.458904 __main__     INFO     [SYS_STATE]: Function system_state_callback called
1565531616.459108 __main__     INFO     [GCS]: Function gcs_callback called
1565531616.459237 __main__     DEBUG    [SYS_STATE]: No data in queue_gcs
1565531746.754328 __main__     INFO     [SYS_STATE]: Function system_state_callback called
1565531746.754557 __main__     DEBUG    [SYS_STATE]: No data in queue_gcs
1565531746.754664 __main__     INFO     [GCS]: Function gcs_callback called
1565531746.754830 __main__     WARNING  [SYS_STATE]: Last gcs data is older than 1.500000 [s]
1565531746.755340 __main__     DEBUG    [GCS]: put msg_count = 1
1565531792.743981 __main__     INFO     [SYS_STATE]: Function system_state_callback called
1565531792.744172 __main__     INFO     [GCS]: Function gcs_callback called
1565531792.744235 __main__     DEBUG    [SYS_STATE]: No data in queue_gcs
1565531792.745076 __main__     WARNING  [SYS_STATE]: Last gcs data is older than 1.500000 [s]
1565531792.744879 __main__     DEBUG    [GCS]: put msg_count = 1
1565531792.744577 __main__     INFO     [AP]: Function ap_callback called
1565531792.745282 __main__     DEBUG    [SYS_STATE]: No data in queue_ap
1565531792.745457 __main__     DEBUG    [AP]: put msg_count = 1
1565531792.745570 __main__     WARNING  [SYS_STATE]: Last ap data is older than 1.500000 [s]
1565531792.745726 __main__     INFO     [SYS_STATE]: gcs_mps = 0, ap_mps = 0
1565531793.246484 __main__     DEBUG    [SYS_STATE]: No data in queue_gcs
1565531793.246871 __main__     WARNING  [SYS_STATE]: Last gcs data is older than 1.500000 [s]
1565531793.247231 __main__     DEBUG    [SYS_STATE]: No data in queue_ap
1565531793.247513 __main__     WARNING  [SYS_STATE]: Last ap data is older than 1.500000 [s]
1565531793.247828 __main__     INFO     [SYS_STATE]: gcs_mps = 0, ap_mps = 0
1565531793.746628 __main__     DEBUG    [GCS]: put msg_count = 2
1565531793.747089 __main__     DEBUG    [AP]: put msg_count = 2
1565531793.748693 __main__     DEBUG    [SYS_STATE]: No data in queue_gcs
1565531793.749071 __main__     WARNING  [SYS_STATE]: Last gcs data is older than 1.500000 [s]
1565531793.749442 __main__     DEBUG    [SYS_STATE]: No data in queue_ap
1565531793.749790 __main__     WARNING  [SYS_STATE]: Last ap data is older than 1.500000 [s]
1565531793.750114 __main__     INFO     [SYS_STATE]: gcs_mps = 0, ap_mps = 0
1565531794.251105 __main__     DEBUG    [SYS_STATE]: No data in queue_gcs
1565531794.251513 __main__     WARNING  [SYS_STATE]: Last gcs data is older than 1.500000 [s]
1565531794.251799 __main__     DEBUG    [SYS_STATE]: No data in queue_ap
1565531794.251983 __main__     WARNING  [SYS_STATE]: Last ap data is older than 1.500000 [s]
1565531794.252194 __main__     INFO     [SYS_STATE]: gcs_mps = 0, ap_mps = 0
1565531794.748532 __main__     DEBUG    [GCS]: put msg_count = 3
1565531794.749003 __main__     DEBUG    [AP]: put msg_count = 3
1565531794.752971 __main__     DEBUG    [SYS_STATE]: No data in queue_gcs
1565531794.753200 __main__     WARNING  [SYS_STATE]: Last gcs data is older than 1.500000 [s]
1565531794.753357 __main__     DEBUG    [SYS_STATE]: No data in queue_ap
1565531794.753487 __main__     WARNING  [SYS_STATE]: Last ap data is older than 1.500000 [s]
1565531794.753665 __main__     INFO     [SYS_STATE]: gcs_mps = 0, ap_mps = 0
1565531795.254522 __main__     DEBUG    [SYS_STATE]: No data in queue_gcs
1565531795.254939 __main__     WARNING  [SYS_STATE]: Last gcs data is older than 1.500000 [s]
1565531795.255433 __main__     DEBUG    [SYS_STATE]: No data in queue_ap
1565531795.255732 __main__     WARNING  [SYS_STATE]: Last ap data is older than 1.500000 [s]
1565531795.255995 __main__     INFO     [SYS_STATE]: gcs_mps = 0, ap_mps = 0
1565531795.749668 __main__     DEBUG    [AP]: put msg_count = 4
1565531795.750429 __main__     DEBUG    [GCS]: put msg_count = 4
1565531795.756778 __main__     DEBUG    [SYS_STATE]: No data in queue_gcs
1565531795.756928 __main__     WARNING  [SYS_STATE]: Last gcs data is older than 1.500000 [s]
1565531795.757024 __main__     DEBUG    [SYS_STATE]: No data in queue_ap
1565531795.757102 __main__     WARNING  [SYS_STATE]: Last ap data is older than 1.500000 [s]
1565531795.757174 __main__     INFO     [SYS_STATE]: gcs_mps = 0, ap_mps = 0
1565531796.257924 __main__     DEBUG    [SYS_STATE]: No data in queue_gcs
1565531796.258220 __main__     WARNING  [SYS_STATE]: Last gcs data is older than 1.500000 [s]
1565531796.258474 __main__     DEBUG    [SYS_STATE]: No data in queue_ap
1565531796.258676 __main__     WARNING  [SYS_STATE]: Last ap data is older than 1.500000 [s]
1565531796.258907 __main__     INFO     [SYS_STATE]: gcs_mps = 0, ap_mps = 0
1565531796.751185 __main__     DEBUG    [AP]: put msg_count = 5
1565531796.751549 __main__     DEBUG    [GCS]: put msg_count = 5
1565531796.759691 __main__     DEBUG    [SYS_STATE]: No data in queue_gcs
1565531796.760018 __main__     WARNING  [SYS_STATE]: Last gcs data is older than 1.500000 [s]
1565531796.760236 __main__     DEBUG    [SYS_STATE]: No data in queue_ap
1565531796.760392 __main__     WARNING  [SYS_STATE]: Last ap data is older than 1.500000 [s]
1565531796.760556 __main__     INFO     [SYS_STATE]: gcs_mps = 0, ap_mps = 0
1565531797.261433 __main__     DEBUG    [SYS_STATE]: No data in queue_gcs
1565531797.261760 __main__     WARNING  [SYS_STATE]: Last gcs data is older than 1.500000 [s]
1565531797.261982 __main__     DEBUG    [SYS_STATE]: No data in queue_ap
1565531797.262115 __main__     WARNING  [SYS_STATE]: Last ap data is older than 1.500000 [s]
1565531797.262259 __main__     INFO     [SYS_STATE]: gcs_mps = 0, ap_mps = 0
1565531797.752986 __main__     DEBUG    [AP]: put msg_count = 6
1565531797.753268 __main__     DEBUG    [GCS]: put msg_count = 6
1565531797.763028 __main__     DEBUG    [SYS_STATE]: No data in queue_gcs
1565531797.763408 __main__     WARNING  [SYS_STATE]: Last gcs data is older than 1.500000 [s]
1565531797.763689 __main__     DEBUG    [SYS_STATE]: No data in queue_ap
1565531797.763901 __main__     WARNING  [SYS_STATE]: Last ap data is older than 1.500000 [s]
1565531797.764138 __main__     INFO     [SYS_STATE]: gcs_mps = 0, ap_mps = 0
1565531798.264946 __main__     DEBUG    [SYS_STATE]: No data in queue_gcs
1565531798.265096 __main__     WARNING  [SYS_STATE]: Last gcs data is older than 1.500000 [s]
1565531798.265196 __main__     DEBUG    [SYS_STATE]: No data in queue_ap
1565531798.265266 __main__     WARNING  [SYS_STATE]: Last ap data is older than 1.500000 [s]
1565531798.265427 __main__     INFO     [SYS_STATE]: gcs_mps = 0, ap_mps = 0
1565531798.753715 __main__     DEBUG    [AP]: put msg_count = 7
1565531798.754672 __main__     DEBUG    [GCS]: put msg_count = 7
1565531798.766101 __main__     DEBUG    [SYS_STATE]: No data in queue_gcs
1565531798.766245 __main__     WARNING  [SYS_STATE]: Last gcs data is older than 1.500000 [s]
1565531798.766355 __main__     DEBUG    [SYS_STATE]: No data in queue_ap
1565531798.766439 __main__     WARNING  [SYS_STATE]: Last ap data is older than 1.500000 [s]
1565531798.766531 __main__     INFO     [SYS_STATE]: gcs_mps = 0, ap_mps = 0
1565531804.384224 __main__     INFO     [SYS_STATE]: Function system_state_callback called
1565531804.384595 __main__     INFO     [GCS]: Function gcs_callback called
1565531804.385324 __main__     INFO     [AP]: Function ap_callback called
1565531804.385665 __main__     DEBUG    [SYS_STATE]: No data in queue_gcs
1565531804.387916 __main__     WARNING  [SYS_STATE]: Last gcs data is older than 1.500000 [s]
1565531804.388059 __main__     DEBUG    [SYS_STATE]: No data in queue_ap
1565531804.387810 __main__     DEBUG    [AP]: put msg_count = 1
1565531804.386162 __main__     DEBUG    [GCS]: put msg_count = 1
1565531804.388120 __main__     WARNING  [SYS_STATE]: Last ap data is older than 1.500000 [s]
1565531804.388310 __main__     INFO     [SYS_STATE]: gcs_mps = 0, ap_mps = 0
1565531804.889076 __main__     DEBUG    [SYS_STATE]: No data in queue_gcs
1565531804.889374 __main__     WARNING  [SYS_STATE]: Last gcs data is older than 1.500000 [s]
1565531804.889620 __main__     DEBUG    [SYS_STATE]: No data in queue_ap
1565531804.889757 __main__     WARNING  [SYS_STATE]: Last ap data is older than 1.500000 [s]
1565531804.889922 __main__     INFO     [SYS_STATE]: gcs_mps = 0, ap_mps = 0
1565531805.389457 __main__     DEBUG    [AP]: put msg_count = 2
1565531805.389893 __main__     DEBUG    [GCS]: put msg_count = 2
1565531805.390655 __main__     DEBUG    [SYS_STATE]: No data in queue_gcs
1565531805.390900 __main__     WARNING  [SYS_STATE]: Last gcs data is older than 1.500000 [s]
1565531805.391209 __main__     DEBUG    [SYS_STATE]: No data in queue_ap
1565531805.391472 __main__     WARNING  [SYS_STATE]: Last ap data is older than 1.500000 [s]
1565531805.391732 __main__     INFO     [SYS_STATE]: gcs_mps = 0, ap_mps = 0
1565531805.892684 __main__     DEBUG    [SYS_STATE]: No data in queue_gcs
1565531805.893076 __main__     WARNING  [SYS_STATE]: Last gcs data is older than 1.500000 [s]
1565531805.893365 __main__     DEBUG    [SYS_STATE]: No data in queue_ap
1565531805.893582 __main__     WARNING  [SYS_STATE]: Last ap data is older than 1.500000 [s]
1565531805.893816 __main__     INFO     [SYS_STATE]: gcs_mps = 0, ap_mps = 0
1565531806.391406 __main__     DEBUG    [AP]: put msg_count = 3
1565531806.391852 __main__     DEBUG    [GCS]: put msg_count = 3
1565531806.394664 __main__     DEBUG    [SYS_STATE]: No data in queue_gcs
1565531806.395018 __main__     WARNING  [SYS_STATE]: Last gcs data is older than 1.500000 [s]
1565531806.395278 __main__     DEBUG    [SYS_STATE]: No data in queue_ap
1565531806.395455 __main__     WARNING  [SYS_STATE]: Last ap data is older than 1.500000 [s]
1565531806.395666 __main__     INFO     [SYS_STATE]: gcs_mps = 0, ap_mps = 0
1565531806.896590 __main__     DEBUG    [SYS_STATE]: No data in queue_gcs
1565531806.896888 __main__     WARNING  [SYS_STATE]: Last gcs data is older than 1.500000 [s]
1565531806.897140 __main__     DEBUG    [SYS_STATE]: No data in queue_ap
1565531806.897338 __main__     WARNING  [SYS_STATE]: Last ap data is older than 1.500000 [s]
1565531806.897607 __main__     INFO     [SYS_STATE]: gcs_mps = 0, ap_mps = 0
1565531807.393402 __main__     DEBUG    [AP]: put msg_count = 4
1565531807.393747 __main__     DEBUG    [GCS]: put msg_count = 4
1565531807.398430 __main__     DEBUG    [SYS_STATE]: No data in queue_gcs
1565531807.398789 __main__     WARNING  [SYS_STATE]: Last gcs data is older than 1.500000 [s]
1565531807.399029 __main__     DEBUG    [SYS_STATE]: No data in queue_ap
1565531807.399215 __main__     WARNING  [SYS_STATE]: Last ap data is older than 1.500000 [s]
1565531807.399502 __main__     INFO     [SYS_STATE]: gcs_mps = 0, ap_mps = 0
1565531807.900448 __main__     DEBUG    [SYS_STATE]: No data in queue_gcs
1565531807.900815 __main__     WARNING  [SYS_STATE]: Last gcs data is older than 1.500000 [s]
1565531807.901101 __main__     DEBUG    [SYS_STATE]: No data in queue_ap
1565531807.901285 __main__     WARNING  [SYS_STATE]: Last ap data is older than 1.500000 [s]
1565531807.901477 __main__     INFO     [SYS_STATE]: gcs_mps = 0, ap_mps = 0
1565531808.395347 __main__     DEBUG    [AP]: put msg_count = 5
1565531808.395702 __main__     DEBUG    [GCS]: put msg_count = 5
1565531808.402338 __main__     DEBUG    [SYS_STATE]: No data in queue_gcs
1565531808.402695 __main__     WARNING  [SYS_STATE]: Last gcs data is older than 1.500000 [s]
1565531808.402950 __main__     DEBUG    [SYS_STATE]: No data in queue_ap
1565531808.403120 __main__     WARNING  [SYS_STATE]: Last ap data is older than 1.500000 [s]
1565531808.403312 __main__     INFO     [SYS_STATE]: gcs_mps = 0, ap_mps = 0
1565531808.904078 __main__     DEBUG    [SYS_STATE]: No data in queue_gcs
1565531808.904240 __main__     WARNING  [SYS_STATE]: Last gcs data is older than 1.500000 [s]
1565531808.904339 __main__     DEBUG    [SYS_STATE]: No data in queue_ap
1565531808.904410 __main__     WARNING  [SYS_STATE]: Last ap data is older than 1.500000 [s]
1565531808.904492 __main__     INFO     [SYS_STATE]: gcs_mps = 0, ap_mps = 0
1565531809.397314 __main__     DEBUG    [AP]: put msg_count = 6
1565531809.397639 __main__     DEBUG    [GCS]: put msg_count = 6
1565531809.405185 __main__     DEBUG    [SYS_STATE]: No data in queue_gcs
1565531809.405584 __main__     WARNING  [SYS_STATE]: Last gcs data is older than 1.500000 [s]
1565531809.405926 __main__     DEBUG    [SYS_STATE]: No data in queue_ap
1565531809.406200 __main__     WARNING  [SYS_STATE]: Last ap data is older than 1.500000 [s]
1565531809.406496 __main__     INFO     [SYS_STATE]: gcs_mps = 0, ap_mps = 0
1565531809.907439 __main__     DEBUG    [SYS_STATE]: No data in queue_gcs
1565531809.907756 __main__     WARNING  [SYS_STATE]: Last gcs data is older than 1.500000 [s]
1565531809.908036 __main__     DEBUG    [SYS_STATE]: No data in queue_ap
1565531809.908268 __main__     WARNING  [SYS_STATE]: Last ap data is older than 1.500000 [s]
1565531809.908520 __main__     INFO     [SYS_STATE]: gcs_mps = 0, ap_mps = 0
1565531810.399081 __main__     DEBUG    [AP]: put msg_count = 7
1565531810.399264 __main__     DEBUG    [GCS]: put msg_count = 7
1565531810.409323 __main__     DEBUG    [SYS_STATE]: No data in queue_gcs
1565531810.409565 __main__     WARNING  [SYS_STATE]: Last gcs data is older than 1.500000 [s]
1565531810.409818 __main__     DEBUG    [SYS_STATE]: No data in queue_ap
1565531810.410017 __main__     WARNING  [SYS_STATE]: Last ap data is older than 1.500000 [s]
1565531810.410240 __main__     INFO     [SYS_STATE]: gcs_mps = 0, ap_mps = 0
1565531810.911034 __main__     DEBUG    [SYS_STATE]: No data in queue_gcs
1565531810.911295 __main__     WARNING  [SYS_STATE]: Last gcs data is older than 1.500000 [s]
1565531810.911520 __main__     DEBUG    [SYS_STATE]: No data in queue_ap
1565531810.911694 __main__     WARNING  [SYS_STATE]: Last ap data is older than 1.500000 [s]
1565531810.911896 __main__     INFO     [SYS_STATE]: gcs_mps = 0, ap_mps = 0
1565531821.991717 __main__     INFO     [SYS_STATE]: Function system_state_callback called
1565531821.991909 __main__     INFO     [GCS]: Function gcs_callback called
1565531821.992035 __main__     DEBUG    [SYS_STATE]: No data in queue_gcs
1565531821.992199 __main__     INFO     [AP]: Function ap_callback called
1565531821.992243 __main__     DEBUG    [GCS]: put msg_count = 1
1565531821.992440 __main__     WARNING  [SYS_STATE]: Last gcs data is older than 1.500000 [s]
1565531821.992609 __main__     DEBUG    [AP]: put msg_count = 1
1565531821.992765 __main__     DEBUG    [SYS_STATE]: No data in queue_ap
1565531821.992880 __main__     WARNING  [SYS_STATE]: Last ap data is older than 1.500000 [s]
1565531821.992931 __main__     INFO     [SYS_STATE]: gcs_mps = 0, ap_mps = 0
1565531822.493701 __main__     DEBUG    [SYS_STATE]: No data in queue_gcs
1565531822.494050 __main__     WARNING  [SYS_STATE]: Last gcs data is older than 1.500000 [s]
1565531822.494374 __main__     DEBUG    [SYS_STATE]: No data in queue_ap
1565531822.494633 __main__     WARNING  [SYS_STATE]: Last ap data is older than 1.500000 [s]
1565531822.494927 __main__     INFO     [SYS_STATE]: gcs_mps = 0, ap_mps = 0
1565531822.993926 __main__     DEBUG    [GCS]: put msg_count = 2
1565531822.994224 __main__     DEBUG    [AP]: put msg_count = 2
1565531822.995785 __main__     DEBUG    [SYS_STATE]: No data in queue_gcs
1565531822.996031 __main__     WARNING  [SYS_STATE]: Last gcs data is older than 1.500000 [s]
1565531822.996241 __main__     DEBUG    [SYS_STATE]: No data in queue_ap
1565531822.996423 __main__     WARNING  [SYS_STATE]: Last ap data is older than 1.500000 [s]
1565531822.996616 __main__     INFO     [SYS_STATE]: gcs_mps = 0, ap_mps = 0
1565531823.497466 __main__     DEBUG    [SYS_STATE]: No data in queue_gcs
1565531823.497878 __main__     WARNING  [SYS_STATE]: Last gcs data is older than 1.500000 [s]
1565531823.498230 __main__     DEBUG    [SYS_STATE]: No data in queue_ap
1565531823.498512 __main__     WARNING  [SYS_STATE]: Last ap data is older than 1.500000 [s]
1565531823.498839 __main__     INFO     [SYS_STATE]: gcs_mps = 0, ap_mps = 0
1565531823.995664 __main__     DEBUG    [GCS]: put msg_count = 3
1565531823.996109 __main__     DEBUG    [AP]: put msg_count = 3
1565531823.999706 __main__     DEBUG    [SYS_STATE]: No data in queue_gcs
1565531824.000078 __main__     WARNING  [SYS_STATE]: Last gcs data is older than 1.500000 [s]
1565531824.000463 __main__     DEBUG    [SYS_STATE]: No data in queue_ap
1565531824.000749 __main__     WARNING  [SYS_STATE]: Last ap data is older than 1.500000 [s]
1565531824.001065 __main__     INFO     [SYS_STATE]: gcs_mps = 0, ap_mps = 0
1565531878.580021 __main__     INFO     [SYS_STATE]: Function system_state_callback called
1565531878.580294 __main__     DEBUG    [SYS_STATE]: No data in queue_gcs
1565531878.580381 __main__     WARNING  [SYS_STATE]: Last gcs data is older than 1.500000 [s]
1565531878.580558 __main__     DEBUG    [SYS_STATE]: No data in queue_ap
1565531878.580605 __main__     WARNING  [SYS_STATE]: Last ap data is older than 1.500000 [s]
1565531878.580693 __main__     INFO     [GCS]: Function gcs_callback called
1565531878.580860 __main__     INFO     [SYS_STATE]: gcs_mps = 0, ap_mps = 0
1565531878.580951 __main__     INFO     [AP]: Function ap_callback called
1565531878.581067 __main__     DEBUG    [GCS]: put msg_count = 1
1565531878.581267 __main__     DEBUG    [AP]: put msg_count = 1
1565531879.081938 __main__     DEBUG    [SYS_STATE]: No data in queue_gcs
1565531879.082329 __main__     WARNING  [SYS_STATE]: Last gcs data is older than 1.500000 [s]
1565531879.082689 __main__     DEBUG    [SYS_STATE]: No data in queue_ap
1565531879.082980 __main__     WARNING  [SYS_STATE]: Last ap data is older than 1.500000 [s]
1565531879.083313 __main__     INFO     [SYS_STATE]: gcs_mps = 0, ap_mps = 0
1565531879.582512 __main__     DEBUG    [GCS]: put msg_count = 2
1565531879.582673 __main__     DEBUG    [AP]: put msg_count = 2
1565531879.584125 __main__     DEBUG    [SYS_STATE]: No data in queue_gcs
1565531879.584274 __main__     WARNING  [SYS_STATE]: Last gcs data is older than 1.500000 [s]
1565531879.584386 __main__     DEBUG    [SYS_STATE]: No data in queue_ap
1565531879.584476 __main__     WARNING  [SYS_STATE]: Last ap data is older than 1.500000 [s]
1565531879.584570 __main__     INFO     [SYS_STATE]: gcs_mps = 0, ap_mps = 0
1565531880.085364 __main__     DEBUG    [SYS_STATE]: No data in queue_gcs
1565531880.085791 __main__     WARNING  [SYS_STATE]: Last gcs data is older than 1.500000 [s]
1565531880.086084 __main__     DEBUG    [SYS_STATE]: No data in queue_ap
1565531880.086270 __main__     WARNING  [SYS_STATE]: Last ap data is older than 1.500000 [s]
1565531880.086483 __main__     INFO     [SYS_STATE]: gcs_mps = 0, ap_mps = 0
1565531880.584016 __main__     DEBUG    [GCS]: put msg_count = 3
1565531880.584248 __main__     DEBUG    [AP]: put msg_count = 3
1565531880.587273 __main__     DEBUG    [SYS_STATE]: No data in queue_gcs
1565531880.587476 __main__     WARNING  [SYS_STATE]: Last gcs data is older than 1.500000 [s]
1565531880.587622 __main__     DEBUG    [SYS_STATE]: No data in queue_ap
1565531880.587716 __main__     WARNING  [SYS_STATE]: Last ap data is older than 1.500000 [s]
1565531880.587803 __main__     INFO     [SYS_STATE]: gcs_mps = 0, ap_mps = 0
1565531881.088590 __main__     DEBUG    [SYS_STATE]: No data in queue_gcs
1565531881.088964 __main__     WARNING  [SYS_STATE]: Last gcs data is older than 1.500000 [s]
1565531881.089285 __main__     DEBUG    [SYS_STATE]: No data in queue_ap
1565531881.089592 __main__     WARNING  [SYS_STATE]: Last ap data is older than 1.500000 [s]
1565531881.089934 __main__     INFO     [SYS_STATE]: gcs_mps = 0, ap_mps = 0
1565531881.585685 __main__     DEBUG    [GCS]: put msg_count = 4
1565531881.586128 __main__     DEBUG    [AP]: put msg_count = 4
1565531881.590863 __main__     DEBUG    [SYS_STATE]: No data in queue_gcs
1565531881.591352 __main__     WARNING  [SYS_STATE]: Last gcs data is older than 1.500000 [s]
1565531881.591745 __main__     DEBUG    [SYS_STATE]: No data in queue_ap
1565531881.592044 __main__     WARNING  [SYS_STATE]: Last ap data is older than 1.500000 [s]
1565531881.592368 __main__     INFO     [SYS_STATE]: gcs_mps = 0, ap_mps = 0
1565531882.093356 __main__     DEBUG    [SYS_STATE]: No data in queue_gcs
1565531882.093795 __main__     WARNING  [SYS_STATE]: Last gcs data is older than 1.500000 [s]
1565531882.094183 __main__     DEBUG    [SYS_STATE]: No data in queue_ap
1565531882.094478 __main__     WARNING  [SYS_STATE]: Last ap data is older than 1.500000 [s]
1565531882.094803 __main__     INFO     [SYS_STATE]: gcs_mps = 0, ap_mps = 0
1565531882.587652 __main__     DEBUG    [GCS]: put msg_count = 5
1565531882.588120 __main__     DEBUG    [AP]: put msg_count = 5
1565531882.595700 __main__     DEBUG    [SYS_STATE]: No data in queue_gcs
1565531882.596079 __main__     WARNING  [SYS_STATE]: Last gcs data is older than 1.500000 [s]
1565531882.596334 __main__     DEBUG    [SYS_STATE]: No data in queue_ap
1565531882.596513 __main__     WARNING  [SYS_STATE]: Last ap data is older than 1.500000 [s]
1565531882.596701 __main__     INFO     [SYS_STATE]: gcs_mps = 0, ap_mps = 0
1565531883.097568 __main__     DEBUG    [SYS_STATE]: No data in queue_gcs
1565531883.097868 __main__     WARNING  [SYS_STATE]: Last gcs data is older than 1.500000 [s]
1565531883.098123 __main__     DEBUG    [SYS_STATE]: No data in queue_ap
1565531883.098362 __main__     WARNING  [SYS_STATE]: Last ap data is older than 1.500000 [s]
1565531883.098663 __main__     INFO     [SYS_STATE]: gcs_mps = 0, ap_mps = 0
1565531883.589721 __main__     DEBUG    [GCS]: put msg_count = 6
1565531883.590044 __main__     DEBUG    [AP]: put msg_count = 6
1565531883.599524 __main__     DEBUG    [SYS_STATE]: No data in queue_gcs
1565531883.599937 __main__     WARNING  [SYS_STATE]: Last gcs data is older than 1.500000 [s]
1565531883.600201 __main__     DEBUG    [SYS_STATE]: No data in queue_ap
1565531883.600257 __main__     WARNING  [SYS_STATE]: Last ap data is older than 1.500000 [s]
1565531883.600313 __main__     INFO     [SYS_STATE]: gcs_mps = 0, ap_mps = 0
1565531884.101066 __main__     DEBUG    [SYS_STATE]: No data in queue_gcs
1565531884.101423 __main__     WARNING  [SYS_STATE]: Last gcs data is older than 1.500000 [s]
1565531884.101764 __main__     DEBUG    [SYS_STATE]: No data in queue_ap
1565531884.101937 __main__     WARNING  [SYS_STATE]: Last ap data is older than 1.500000 [s]
1565531884.102142 __main__     INFO     [SYS_STATE]: gcs_mps = 0, ap_mps = 0
1565531884.591661 __main__     DEBUG    [GCS]: put msg_count = 7
1565531884.591973 __main__     DEBUG    [AP]: put msg_count = 7
1565531884.602886 __main__     DEBUG    [SYS_STATE]: No data in queue_gcs
1565531884.603071 __main__     WARNING  [SYS_STATE]: Last gcs data is older than 1.500000 [s]
1565531884.603187 __main__     DEBUG    [SYS_STATE]: No data in queue_ap
1565531884.603332 __main__     WARNING  [SYS_STATE]: Last ap data is older than 1.500000 [s]
1565531884.603420 __main__     INFO     [SYS_STATE]: gcs_mps = 0, ap_mps = 0
1565531885.104206 __main__     DEBUG    [SYS_STATE]: No data in queue_gcs
1565531885.104573 __main__     WARNING  [SYS_STATE]: Last gcs data is older than 1.500000 [s]
1565531885.104887 __main__     DEBUG    [SYS_STATE]: No data in queue_ap
1565531885.105139 __main__     WARNING  [SYS_STATE]: Last ap data is older than 1.500000 [s]
1565531885.105418 __main__     INFO     [SYS_STATE]: gcs_mps = 0, ap_mps = 0
1565531885.593767 __main__     DEBUG    [AP]: put msg_count = 8
1565531885.594263 __main__     DEBUG    [GCS]: put msg_count = 8
1565531885.606279 __main__     DEBUG    [SYS_STATE]: No data in queue_gcs
1565531885.606424 __main__     WARNING  [SYS_STATE]: Last gcs data is older than 1.500000 [s]
1565531885.606502 __main__     DEBUG    [SYS_STATE]: No data in queue_ap
1565531885.606553 __main__     WARNING  [SYS_STATE]: Last ap data is older than 1.500000 [s]
1565531885.606606 __main__     INFO     [SYS_STATE]: gcs_mps = 0, ap_mps = 0
1565531886.107294 __main__     DEBUG    [SYS_STATE]: No data in queue_gcs
1565531886.107506 __main__     WARNING  [SYS_STATE]: Last gcs data is older than 1.500000 [s]
1565531886.107667 __main__     DEBUG    [SYS_STATE]: No data in queue_ap
1565531886.107791 __main__     WARNING  [SYS_STATE]: Last ap data is older than 1.500000 [s]
1565531886.107936 __main__     INFO     [SYS_STATE]: gcs_mps = 0, ap_mps = 0
1565532210.163886 __main__     INFO     [SYS_STATE]: Function system_state_callback called
1565532210.165649 __main__     INFO     [GCS]: Function gcs_callback called
1565532210.166208 __main__     DEBUG    [GCS]: put msg_count = 1
1565532210.169700 __main__     INFO     [AP]: Function ap_callback called
1565532210.172883 __main__     DEBUG    [AP]: put msg_count = 1
1565532211.168118 __main__     DEBUG    [GCS]: put msg_count = 2
1565532211.174093 __main__     DEBUG    [AP]: put msg_count = 2
1565532212.169583 __main__     DEBUG    [GCS]: put msg_count = 3
1565532212.175468 __main__     DEBUG    [AP]: put msg_count = 3
1565532213.170745 __main__     DEBUG    [GCS]: put msg_count = 4
1565532213.176994 __main__     DEBUG    [AP]: put msg_count = 4
1565532214.172091 __main__     DEBUG    [GCS]: put msg_count = 5
1565532214.178629 __main__     DEBUG    [AP]: put msg_count = 5
1565532215.173364 __main__     DEBUG    [GCS]: put msg_count = 6
1565532215.179973 __main__     DEBUG    [AP]: put msg_count = 6
1565532216.174992 __main__     DEBUG    [GCS]: put msg_count = 7
1565532216.181317 __main__     DEBUG    [AP]: put msg_count = 7
1565532217.177366 __main__     DEBUG    [GCS]: put msg_count = 8
1565532217.182440 __main__     DEBUG    [AP]: put msg_count = 8
1565532218.178969 __main__     DEBUG    [GCS]: put msg_count = 9
1565532218.183949 __main__     DEBUG    [AP]: put msg_count = 9
1565532243.136624 __main__     INFO     [SYS_STATE]: Function system_state_callback called
1565532243.137107 __main__     INFO     [GCS]: Function gcs_callback called
1565532243.137404 __main__     DEBUG    [GCS]: put msg_count = 1
1565532243.137678 __main__     INFO     [AP]: Function ap_callback called
1565532243.138691 __main__     DEBUG    [AP]: put msg_count = 1
1565532244.139026 __main__     DEBUG    [GCS]: put msg_count = 2
1565532244.139887 __main__     DEBUG    [AP]: put msg_count = 2
1565532245.140497 __main__     DEBUG    [GCS]: put msg_count = 3
1565532245.141231 __main__     DEBUG    [AP]: put msg_count = 3
1565532246.141701 __main__     DEBUG    [GCS]: put msg_count = 4
1565532246.141946 __main__     DEBUG    [AP]: put msg_count = 4
1565532247.143387 __main__     DEBUG    [GCS]: put msg_count = 5
1565532247.143660 __main__     DEBUG    [AP]: put msg_count = 5
1565532248.145148 __main__     DEBUG    [GCS]: put msg_count = 6
1565532248.145404 __main__     DEBUG    [AP]: put msg_count = 6
1565532249.146722 __main__     DEBUG    [GCS]: put msg_count = 7
1565532249.147169 __main__     DEBUG    [AP]: put msg_count = 7
1565532250.148227 __main__     DEBUG    [GCS]: put msg_count = 8
1565532250.148430 __main__     DEBUG    [AP]: put msg_count = 8
1565532251.149688 __main__     DEBUG    [GCS]: put msg_count = 9
1565532251.150082 __main__     DEBUG    [AP]: put msg_count = 9
1565532265.201250 __main__     INFO     [SYS_STATE]: Function system_state_callback called
1565532265.201514 __main__     INFO     [GCS]: Function gcs_callback called
1565532265.201594 __main__     INFO     [SYS_STATE]: logger.id = 139908052977088
1565532265.201856 __main__     DEBUG    [GCS]: put msg_count = 1
1565532265.201979 __main__     DEBUG    [SYS_STATE]: No data in queue_gcs
1565532265.202083 __main__     WARNING  [SYS_STATE]: Last gcs data is older than 1.500000 [s]
1565532265.202190 __main__     DEBUG    [SYS_STATE]: No data in queue_ap
1565532265.202239 __main__     WARNING  [SYS_STATE]: Last ap data is older than 1.500000 [s]
1565532265.202287 __main__     INFO     [SYS_STATE]: gcs_mps = 0, ap_mps = 0
1565532265.204952 __main__     INFO     [AP]: Function ap_callback called
1565532265.205592 __main__     DEBUG    [AP]: put msg_count = 1
1565532265.702896 __main__     DEBUG    [SYS_STATE]: No data in queue_gcs
1565532265.703100 __main__     WARNING  [SYS_STATE]: Last gcs data is older than 1.500000 [s]
1565532265.703390 __main__     DEBUG    [SYS_STATE]: No data in queue_ap
1565532265.703479 __main__     WARNING  [SYS_STATE]: Last ap data is older than 1.500000 [s]
1565532265.703572 __main__     INFO     [SYS_STATE]: gcs_mps = 0, ap_mps = 0
1565532266.203294 __main__     DEBUG    [GCS]: put msg_count = 2
1565532266.204253 __main__     DEBUG    [SYS_STATE]: No data in queue_gcs
1565532266.204557 __main__     WARNING  [SYS_STATE]: Last gcs data is older than 1.500000 [s]
1565532266.204870 __main__     DEBUG    [SYS_STATE]: No data in queue_ap
1565532266.205130 __main__     WARNING  [SYS_STATE]: Last ap data is older than 1.500000 [s]
1565532266.205373 __main__     INFO     [SYS_STATE]: gcs_mps = 0, ap_mps = 0
1565532266.207683 __main__     DEBUG    [AP]: put msg_count = 2
1565532266.706406 __main__     DEBUG    [SYS_STATE]: No data in queue_gcs
1565532266.707182 __main__     WARNING  [SYS_STATE]: Last gcs data is older than 1.500000 [s]
1565532266.708003 __main__     DEBUG    [SYS_STATE]: No data in queue_ap
1565532266.708423 __main__     WARNING  [SYS_STATE]: Last ap data is older than 1.500000 [s]
1565532266.708786 __main__     INFO     [SYS_STATE]: gcs_mps = 0, ap_mps = 0
1565532267.204731 __main__     DEBUG    [GCS]: put msg_count = 3
1565532267.209126 __main__     DEBUG    [AP]: put msg_count = 3
1565532267.209558 __main__     DEBUG    [SYS_STATE]: No data in queue_gcs
1565532267.209689 __main__     WARNING  [SYS_STATE]: Last gcs data is older than 1.500000 [s]
1565532267.209814 __main__     DEBUG    [SYS_STATE]: No data in queue_ap
1565532267.209878 __main__     WARNING  [SYS_STATE]: Last ap data is older than 1.500000 [s]
1565532267.209935 __main__     INFO     [SYS_STATE]: gcs_mps = 0, ap_mps = 0
1565532267.710654 __main__     DEBUG    [SYS_STATE]: No data in queue_gcs
1565532267.710913 __main__     WARNING  [SYS_STATE]: Last gcs data is older than 1.500000 [s]
1565532267.711121 __main__     DEBUG    [SYS_STATE]: No data in queue_ap
1565532267.711253 __main__     WARNING  [SYS_STATE]: Last ap data is older than 1.500000 [s]
1565532267.711389 __main__     INFO     [SYS_STATE]: gcs_mps = 0, ap_mps = 0
1565532268.206051 __main__     DEBUG    [GCS]: put msg_count = 4
1565532268.209651 __main__     DEBUG    [AP]: put msg_count = 4
1565532268.212062 __main__     DEBUG    [SYS_STATE]: No data in queue_gcs
1565532268.212210 __main__     WARNING  [SYS_STATE]: Last gcs data is older than 1.500000 [s]
1565532268.212332 __main__     DEBUG    [SYS_STATE]: No data in queue_ap
1565532268.212423 __main__     WARNING  [SYS_STATE]: Last ap data is older than 1.500000 [s]
1565532268.212521 __main__     INFO     [SYS_STATE]: gcs_mps = 0, ap_mps = 0
1565532268.713244 __main__     DEBUG    [SYS_STATE]: No data in queue_gcs
1565532268.713458 __main__     WARNING  [SYS_STATE]: Last gcs data is older than 1.500000 [s]
1565532268.713654 __main__     DEBUG    [SYS_STATE]: No data in queue_ap
1565532268.713793 __main__     WARNING  [SYS_STATE]: Last ap data is older than 1.500000 [s]
1565532268.713922 __main__     INFO     [SYS_STATE]: gcs_mps = 0, ap_mps = 0
1565532269.207639 __main__     DEBUG    [GCS]: put msg_count = 5
1565532269.211080 __main__     DEBUG    [AP]: put msg_count = 5
1565532269.214622 __main__     DEBUG    [SYS_STATE]: No data in queue_gcs
1565532269.214870 __main__     WARNING  [SYS_STATE]: Last gcs data is older than 1.500000 [s]
1565532269.215158 __main__     DEBUG    [SYS_STATE]: No data in queue_ap
1565532269.215385 __main__     WARNING  [SYS_STATE]: Last ap data is older than 1.500000 [s]
1565532269.215627 __main__     INFO     [SYS_STATE]: gcs_mps = 0, ap_mps = 0
1565532269.716546 __main__     DEBUG    [SYS_STATE]: No data in queue_gcs
1565532269.716937 __main__     WARNING  [SYS_STATE]: Last gcs data is older than 1.500000 [s]
1565532269.717286 __main__     DEBUG    [SYS_STATE]: No data in queue_ap
1565532269.717601 __main__     WARNING  [SYS_STATE]: Last ap data is older than 1.500000 [s]
1565532269.717930 __main__     INFO     [SYS_STATE]: gcs_mps = 0, ap_mps = 0
1565532270.209233 __main__     DEBUG    [GCS]: put msg_count = 6
1565532270.212658 __main__     DEBUG    [AP]: put msg_count = 6
1565532270.218799 __main__     DEBUG    [SYS_STATE]: No data in queue_gcs
1565532270.219230 __main__     WARNING  [SYS_STATE]: Last gcs data is older than 1.500000 [s]
1565532270.219573 __main__     DEBUG    [SYS_STATE]: No data in queue_ap
1565532270.219854 __main__     WARNING  [SYS_STATE]: Last ap data is older than 1.500000 [s]
1565532270.220173 __main__     INFO     [SYS_STATE]: gcs_mps = 0, ap_mps = 0
1565532270.721130 __main__     DEBUG    [SYS_STATE]: No data in queue_gcs
1565532270.721562 __main__     WARNING  [SYS_STATE]: Last gcs data is older than 1.500000 [s]
1565532270.722003 __main__     DEBUG    [SYS_STATE]: No data in queue_ap
1565532270.722291 __main__     WARNING  [SYS_STATE]: Last ap data is older than 1.500000 [s]
1565532270.722515 __main__     INFO     [SYS_STATE]: gcs_mps = 0, ap_mps = 0
1565532271.210655 __main__     DEBUG    [GCS]: put msg_count = 7
1565532271.214021 __main__     DEBUG    [AP]: put msg_count = 7
1565532271.223282 __main__     DEBUG    [SYS_STATE]: No data in queue_gcs
1565532271.223449 __main__     WARNING  [SYS_STATE]: Last gcs data is older than 1.500000 [s]
1565532271.223548 __main__     DEBUG    [SYS_STATE]: No data in queue_ap
1565532271.223607 __main__     WARNING  [SYS_STATE]: Last ap data is older than 1.500000 [s]
1565532271.223675 __main__     INFO     [SYS_STATE]: gcs_mps = 0, ap_mps = 0
1565532271.724419 __main__     DEBUG    [SYS_STATE]: No data in queue_gcs
1565532271.724724 __main__     WARNING  [SYS_STATE]: Last gcs data is older than 1.500000 [s]
1565532271.724978 __main__     DEBUG    [SYS_STATE]: No data in queue_ap
1565532271.725183 __main__     WARNING  [SYS_STATE]: Last ap data is older than 1.500000 [s]
1565532271.725414 __main__     INFO     [SYS_STATE]: gcs_mps = 0, ap_mps = 0
1565532272.211991 __main__     DEBUG    [GCS]: put msg_count = 8
1565532272.215406 __main__     DEBUG    [AP]: put msg_count = 8
1565532272.226223 __main__     DEBUG    [SYS_STATE]: No data in queue_gcs
1565532272.226745 __main__     WARNING  [SYS_STATE]: Last gcs data is older than 1.500000 [s]
1565532272.227010 __main__     DEBUG    [SYS_STATE]: No data in queue_ap
1565532272.227110 __main__     WARNING  [SYS_STATE]: Last ap data is older than 1.500000 [s]
1565532272.227271 __main__     INFO     [SYS_STATE]: gcs_mps = 0, ap_mps = 0
1565532272.728010 __main__     DEBUG    [SYS_STATE]: No data in queue_gcs
1565532272.728345 __main__     WARNING  [SYS_STATE]: Last gcs data is older than 1.500000 [s]
1565532272.728653 __main__     DEBUG    [SYS_STATE]: No data in queue_ap
1565532272.728874 __main__     WARNING  [SYS_STATE]: Last ap data is older than 1.500000 [s]
1565532272.729132 __main__     INFO     [SYS_STATE]: gcs_mps = 0, ap_mps = 0
1565532273.213686 __main__     DEBUG    [GCS]: put msg_count = 9
1565532273.217026 __main__     DEBUG    [AP]: put msg_count = 9
1565532273.229926 __main__     DEBUG    [SYS_STATE]: No data in queue_gcs
1565532273.230069 __main__     WARNING  [SYS_STATE]: Last gcs data is older than 1.500000 [s]
1565532273.230170 __main__     DEBUG    [SYS_STATE]: No data in queue_ap
1565532273.230244 __main__     WARNING  [SYS_STATE]: Last ap data is older than 1.500000 [s]
1565532273.230330 __main__     INFO     [SYS_STATE]: gcs_mps = 0, ap_mps = 0
1565532273.731050 __main__     DEBUG    [SYS_STATE]: No data in queue_gcs
1565532273.731356 __main__     WARNING  [SYS_STATE]: Last gcs data is older than 1.500000 [s]
1565532273.731548 __main__     DEBUG    [SYS_STATE]: No data in queue_ap
1565532273.731662 __main__     WARNING  [SYS_STATE]: Last ap data is older than 1.500000 [s]
1565532273.731799 __main__     INFO     [SYS_STATE]: gcs_mps = 0, ap_mps = 0
1565532274.232572 __main__     DEBUG    [SYS_STATE]: No data in queue_gcs
1565532274.232846 __main__     WARNING  [SYS_STATE]: Last gcs data is older than 1.500000 [s]
1565532274.233050 __main__     DEBUG    [SYS_STATE]: No data in queue_ap
1565532274.233198 __main__     WARNING  [SYS_STATE]: Last ap data is older than 1.500000 [s]
1565532274.233331 __main__     INFO     [SYS_STATE]: gcs_mps = 0, ap_mps = 0
1565532274.733774 __main__     DEBUG    [SYS_STATE]: No data in queue_gcs
1565532274.734102 __main__     WARNING  [SYS_STATE]: Last gcs data is older than 1.500000 [s]
1565532274.734395 __main__     DEBUG    [SYS_STATE]: No data in queue_ap
1565532274.734668 __main__     WARNING  [SYS_STATE]: Last ap data is older than 1.500000 [s]
1565532274.734917 __main__     INFO     [SYS_STATE]: gcs_mps = 0, ap_mps = 0
1565532275.235733 __main__     DEBUG    [SYS_STATE]: No data in queue_gcs
1565532275.236013 __main__     WARNING  [SYS_STATE]: Last gcs data is older than 1.500000 [s]
1565532275.236283 __main__     DEBUG    [SYS_STATE]: No data in queue_ap
1565532275.236491 __main__     WARNING  [SYS_STATE]: Last ap data is older than 1.500000 [s]
1565532275.236701 __main__     INFO     [SYS_STATE]: gcs_mps = 0, ap_mps = 0
1565532275.737476 __main__     DEBUG    [SYS_STATE]: No data in queue_gcs
1565532275.737788 __main__     WARNING  [SYS_STATE]: Last gcs data is older than 1.500000 [s]
1565532275.738004 __main__     DEBUG    [SYS_STATE]: No data in queue_ap
1565532275.738086 __main__     WARNING  [SYS_STATE]: Last ap data is older than 1.500000 [s]
1565532275.738179 __main__     INFO     [SYS_STATE]: gcs_mps = 0, ap_mps = 0
1565532276.238976 __main__     DEBUG    [SYS_STATE]: No data in queue_gcs
1565532276.239335 __main__     WARNING  [SYS_STATE]: Last gcs data is older than 1.500000 [s]
1565532276.239654 __main__     DEBUG    [SYS_STATE]: No data in queue_ap
1565532276.239909 __main__     WARNING  [SYS_STATE]: Last ap data is older than 1.500000 [s]
1565532276.240207 __main__     INFO     [SYS_STATE]: gcs_mps = 0, ap_mps = 0
1565532276.741127 __main__     DEBUG    [SYS_STATE]: No data in queue_gcs
1565532276.741440 __main__     WARNING  [SYS_STATE]: Last gcs data is older than 1.500000 [s]
1565532276.741737 __main__     DEBUG    [SYS_STATE]: No data in queue_ap
1565532276.741951 __main__     WARNING  [SYS_STATE]: Last ap data is older than 1.500000 [s]
1565532276.742183 __main__     INFO     [SYS_STATE]: gcs_mps = 0, ap_mps = 0
1565532277.243076 __main__     DEBUG    [SYS_STATE]: No data in queue_gcs
1565532277.243410 __main__     WARNING  [SYS_STATE]: Last gcs data is older than 1.500000 [s]
1565532277.243670 __main__     DEBUG    [SYS_STATE]: No data in queue_ap
1565532277.243857 __main__     WARNING  [SYS_STATE]: Last ap data is older than 1.500000 [s]
1565532277.244040 __main__     INFO     [SYS_STATE]: gcs_mps = 0, ap_mps = 0
1565532277.744911 __main__     DEBUG    [SYS_STATE]: No data in queue_gcs
1565532277.745248 __main__     WARNING  [SYS_STATE]: Last gcs data is older than 1.500000 [s]
1565532277.745481 __main__     DEBUG    [SYS_STATE]: No data in queue_ap
1565532277.745686 __main__     WARNING  [SYS_STATE]: Last ap data is older than 1.500000 [s]
1565532277.745867 __main__     INFO     [SYS_STATE]: gcs_mps = 0, ap_mps = 0
1565532278.246788 __main__     DEBUG    [SYS_STATE]: No data in queue_gcs
1565532278.247193 __main__     WARNING  [SYS_STATE]: Last gcs data is older than 1.500000 [s]
1565532278.247509 __main__     DEBUG    [SYS_STATE]: No data in queue_ap
1565532278.247733 __main__     WARNING  [SYS_STATE]: Last ap data is older than 1.500000 [s]
1565532278.247945 __main__     INFO     [SYS_STATE]: gcs_mps = 0, ap_mps = 0
1565532278.748751 __main__     DEBUG    [SYS_STATE]: No data in queue_gcs
1565532278.749040 __main__     WARNING  [SYS_STATE]: Last gcs data is older than 1.500000 [s]
1565532278.749275 __main__     DEBUG    [SYS_STATE]: No data in queue_ap
1565532278.749463 __main__     WARNING  [SYS_STATE]: Last ap data is older than 1.500000 [s]
1565532278.749717 __main__     INFO     [SYS_STATE]: gcs_mps = 0, ap_mps = 0
1565532279.250559 __main__     DEBUG    [SYS_STATE]: No data in queue_gcs
1565532279.250956 __main__     WARNING  [SYS_STATE]: Last gcs data is older than 1.500000 [s]
1565532279.251320 __main__     DEBUG    [SYS_STATE]: No data in queue_ap
1565532279.251612 __main__     WARNING  [SYS_STATE]: Last ap data is older than 1.500000 [s]
1565532279.251940 __main__     INFO     [SYS_STATE]: gcs_mps = 0, ap_mps = 0
1565532279.752884 __main__     DEBUG    [SYS_STATE]: No data in queue_gcs
1565532279.753156 __main__     WARNING  [SYS_STATE]: Last gcs data is older than 1.500000 [s]
1565532279.753380 __main__     DEBUG    [SYS_STATE]: No data in queue_ap
1565532279.753613 __main__     WARNING  [SYS_STATE]: Last ap data is older than 1.500000 [s]
1565532279.753825 __main__     INFO     [SYS_STATE]: gcs_mps = 0, ap_mps = 0
1565532280.254675 __main__     DEBUG    [SYS_STATE]: No data in queue_gcs
1565532280.255108 __main__     WARNING  [SYS_STATE]: Last gcs data is older than 1.500000 [s]
1565532280.255436 __main__     DEBUG    [SYS_STATE]: No data in queue_ap
1565532280.255701 __main__     WARNING  [SYS_STATE]: Last ap data is older than 1.500000 [s]
1565532280.255997 __main__     INFO     [SYS_STATE]: gcs_mps = 0, ap_mps = 0
1565532280.756852 __main__     DEBUG    [SYS_STATE]: No data in queue_gcs
1565532280.757029 __main__     WARNING  [SYS_STATE]: Last gcs data is older than 1.500000 [s]
1565532280.757380 __main__     DEBUG    [SYS_STATE]: No data in queue_ap
1565532280.757475 __main__     WARNING  [SYS_STATE]: Last ap data is older than 1.500000 [s]
1565532280.757564 __main__     INFO     [SYS_STATE]: gcs_mps = 0, ap_mps = 0
1565532281.258253 __main__     DEBUG    [SYS_STATE]: No data in queue_gcs
1565532281.258448 __main__     WARNING  [SYS_STATE]: Last gcs data is older than 1.500000 [s]
1565532281.258601 __main__     DEBUG    [SYS_STATE]: No data in queue_ap
1565532281.258694 __main__     WARNING  [SYS_STATE]: Last ap data is older than 1.500000 [s]
1565532281.258788 __main__     INFO     [SYS_STATE]: gcs_mps = 0, ap_mps = 0
1565532281.759542 __main__     DEBUG    [SYS_STATE]: No data in queue_gcs
1565532281.759794 __main__     WARNING  [SYS_STATE]: Last gcs data is older than 1.500000 [s]
1565532281.759994 __main__     DEBUG    [SYS_STATE]: No data in queue_ap
1565532281.760148 __main__     WARNING  [SYS_STATE]: Last ap data is older than 1.500000 [s]
1565532281.760329 __main__     INFO     [SYS_STATE]: gcs_mps = 0, ap_mps = 0
1565532282.261122 __main__     DEBUG    [SYS_STATE]: No data in queue_gcs
1565532282.261319 __main__     WARNING  [SYS_STATE]: Last gcs data is older than 1.500000 [s]
1565532282.261469 __main__     DEBUG    [SYS_STATE]: No data in queue_ap
1565532282.261647 __main__     WARNING  [SYS_STATE]: Last ap data is older than 1.500000 [s]
1565532282.261834 __main__     INFO     [SYS_STATE]: gcs_mps = 0, ap_mps = 0
1565532282.762579 __main__     DEBUG    [SYS_STATE]: No data in queue_gcs
1565532282.762829 __main__     WARNING  [SYS_STATE]: Last gcs data is older than 1.500000 [s]
1565532282.763024 __main__     DEBUG    [SYS_STATE]: No data in queue_ap
1565532282.763149 __main__     WARNING  [SYS_STATE]: Last ap data is older than 1.500000 [s]
1565532282.763259 __main__     INFO     [SYS_STATE]: gcs_mps = 0, ap_mps = 0
1565532283.264279 __main__     DEBUG    [SYS_STATE]: No data in queue_gcs
1565532283.265055 __main__     WARNING  [SYS_STATE]: Last gcs data is older than 1.500000 [s]
1565532283.265165 __main__     DEBUG    [SYS_STATE]: No data in queue_ap
1565532283.265236 __main__     WARNING  [SYS_STATE]: Last ap data is older than 1.500000 [s]
1565532283.265309 __main__     INFO     [SYS_STATE]: gcs_mps = 0, ap_mps = 0
1565532283.765956 __main__     DEBUG    [SYS_STATE]: No data in queue_gcs
1565532283.766105 __main__     WARNING  [SYS_STATE]: Last gcs data is older than 1.500000 [s]
1565532283.766213 __main__     DEBUG    [SYS_STATE]: No data in queue_ap
1565532283.766276 __main__     WARNING  [SYS_STATE]: Last ap data is older than 1.500000 [s]
1565532283.766342 __main__     INFO     [SYS_STATE]: gcs_mps = 0, ap_mps = 0
1565532284.266995 __main__     DEBUG    [SYS_STATE]: No data in queue_gcs
1565532284.267152 __main__     WARNING  [SYS_STATE]: Last gcs data is older than 1.500000 [s]
1565532284.267236 __main__     DEBUG    [SYS_STATE]: No data in queue_ap
1565532284.267279 __main__     WARNING  [SYS_STATE]: Last ap data is older than 1.500000 [s]
1565532284.267326 __main__     INFO     [SYS_STATE]: gcs_mps = 0, ap_mps = 0
1565532284.768078 __main__     DEBUG    [SYS_STATE]: No data in queue_gcs
1565532284.768432 __main__     WARNING  [SYS_STATE]: Last gcs data is older than 1.500000 [s]
1565532284.768745 __main__     DEBUG    [SYS_STATE]: No data in queue_ap
1565532284.769042 __main__     WARNING  [SYS_STATE]: Last ap data is older than 1.500000 [s]
1565532284.769297 __main__     INFO     [SYS_STATE]: gcs_mps = 0, ap_mps = 0
1565532285.270126 __main__     DEBUG    [SYS_STATE]: No data in queue_gcs
1565532285.270521 __main__     WARNING  [SYS_STATE]: Last gcs data is older than 1.500000 [s]
1565532285.270838 __main__     DEBUG    [SYS_STATE]: No data in queue_ap
1565532285.271071 __main__     WARNING  [SYS_STATE]: Last ap data is older than 1.500000 [s]
1565532285.271301 __main__     INFO     [SYS_STATE]: gcs_mps = 0, ap_mps = 0
1565532285.772134 __main__     DEBUG    [SYS_STATE]: No data in queue_gcs
1565532285.772472 __main__     WARNING  [SYS_STATE]: Last gcs data is older than 1.500000 [s]
1565532285.772872 __main__     DEBUG    [SYS_STATE]: No data in queue_ap
1565532285.773108 __main__     WARNING  [SYS_STATE]: Last ap data is older than 1.500000 [s]
1565532285.773364 __main__     INFO     [SYS_STATE]: gcs_mps = 0, ap_mps = 0
1565532286.274276 __main__     DEBUG    [SYS_STATE]: No data in queue_gcs
1565532286.274522 __main__     WARNING  [SYS_STATE]: Last gcs data is older than 1.500000 [s]
1565532286.274721 __main__     DEBUG    [SYS_STATE]: No data in queue_ap
1565532286.274884 __main__     WARNING  [SYS_STATE]: Last ap data is older than 1.500000 [s]
1565532286.275068 __main__     INFO     [SYS_STATE]: gcs_mps = 0, ap_mps = 0
1565532286.775814 __main__     DEBUG    [SYS_STATE]: No data in queue_gcs
1565532286.776076 __main__     WARNING  [SYS_STATE]: Last gcs data is older than 1.500000 [s]
1565532286.776306 __main__     DEBUG    [SYS_STATE]: No data in queue_ap
1565532286.776486 __main__     WARNING  [SYS_STATE]: Last ap data is older than 1.500000 [s]
1565532286.776692 __main__     INFO     [SYS_STATE]: gcs_mps = 0, ap_mps = 0
1565532287.277446 __main__     DEBUG    [SYS_STATE]: No data in queue_gcs
1565532287.277704 __main__     WARNING  [SYS_STATE]: Last gcs data is older than 1.500000 [s]
1565532287.277916 __main__     DEBUG    [SYS_STATE]: No data in queue_ap
1565532287.278079 __main__     WARNING  [SYS_STATE]: Last ap data is older than 1.500000 [s]
1565532287.278268 __main__     INFO     [SYS_STATE]: gcs_mps = 0, ap_mps = 0
1565532287.779063 __main__     DEBUG    [SYS_STATE]: No data in queue_gcs
1565532287.779437 __main__     WARNING  [SYS_STATE]: Last gcs data is older than 1.500000 [s]
1565532287.779734 __main__     DEBUG    [SYS_STATE]: No data in queue_ap
1565532287.779889 __main__     WARNING  [SYS_STATE]: Last ap data is older than 1.500000 [s]
1565532287.780022 __main__     INFO     [SYS_STATE]: gcs_mps = 0, ap_mps = 0
1565532288.280743 __main__     DEBUG    [SYS_STATE]: No data in queue_gcs
1565532288.280963 __main__     WARNING  [SYS_STATE]: Last gcs data is older than 1.500000 [s]
1565532288.281119 __main__     DEBUG    [SYS_STATE]: No data in queue_ap
1565532288.281210 __main__     WARNING  [SYS_STATE]: Last ap data is older than 1.500000 [s]
1565532288.281323 __main__     INFO     [SYS_STATE]: gcs_mps = 0, ap_mps = 0
1565532288.782058 __main__     DEBUG    [SYS_STATE]: No data in queue_gcs
1565532288.782257 __main__     WARNING  [SYS_STATE]: Last gcs data is older than 1.500000 [s]
1565532288.782401 __main__     DEBUG    [SYS_STATE]: No data in queue_ap
1565532288.782512 __main__     WARNING  [SYS_STATE]: Last ap data is older than 1.500000 [s]
1565532288.782615 __main__     INFO     [SYS_STATE]: gcs_mps = 0, ap_mps = 0
1565532289.283309 __main__     DEBUG    [SYS_STATE]: No data in queue_gcs
1565532289.283537 __main__     WARNING  [SYS_STATE]: Last gcs data is older than 1.500000 [s]
1565532289.283704 __main__     DEBUG    [SYS_STATE]: No data in queue_ap
1565532289.283808 __main__     WARNING  [SYS_STATE]: Last ap data is older than 1.500000 [s]
1565532289.283907 __main__     INFO     [SYS_STATE]: gcs_mps = 0, ap_mps = 0
1565532289.784602 __main__     DEBUG    [SYS_STATE]: No data in queue_gcs
1565532289.784846 __main__     WARNING  [SYS_STATE]: Last gcs data is older than 1.500000 [s]
1565532289.785009 __main__     DEBUG    [SYS_STATE]: No data in queue_ap
1565532289.785120 __main__     WARNING  [SYS_STATE]: Last ap data is older than 1.500000 [s]
1565532289.785223 __main__     INFO     [SYS_STATE]: gcs_mps = 0, ap_mps = 0
1565532290.285964 __main__     DEBUG    [SYS_STATE]: No data in queue_gcs
1565532290.286294 __main__     WARNING  [SYS_STATE]: Last gcs data is older than 1.500000 [s]
1565532290.286561 __main__     DEBUG    [SYS_STATE]: No data in queue_ap
1565532290.286748 __main__     WARNING  [SYS_STATE]: Last ap data is older than 1.500000 [s]
1565532290.286933 __main__     INFO     [SYS_STATE]: gcs_mps = 0, ap_mps = 0
1565532290.787724 __main__     DEBUG    [SYS_STATE]: No data in queue_gcs
1565532290.787936 __main__     WARNING  [SYS_STATE]: Last gcs data is older than 1.500000 [s]
1565532290.788112 __main__     DEBUG    [SYS_STATE]: No data in queue_ap
1565532290.788244 __main__     WARNING  [SYS_STATE]: Last ap data is older than 1.500000 [s]
1565532290.788350 __main__     INFO     [SYS_STATE]: gcs_mps = 0, ap_mps = 0
1565532291.289099 __main__     DEBUG    [SYS_STATE]: No data in queue_gcs
1565532291.289461 __main__     WARNING  [SYS_STATE]: Last gcs data is older than 1.500000 [s]
1565532291.289803 __main__     DEBUG    [SYS_STATE]: No data in queue_ap
1565532291.290066 __main__     WARNING  [SYS_STATE]: Last ap data is older than 1.500000 [s]
1565532291.290357 __main__     INFO     [SYS_STATE]: gcs_mps = 0, ap_mps = 0
1565532291.791095 __main__     DEBUG    [SYS_STATE]: No data in queue_gcs
1565532291.791256 __main__     WARNING  [SYS_STATE]: Last gcs data is older than 1.500000 [s]
1565532291.791366 __main__     DEBUG    [SYS_STATE]: No data in queue_ap
1565532291.791415 __main__     WARNING  [SYS_STATE]: Last ap data is older than 1.500000 [s]
1565532291.791463 __main__     INFO     [SYS_STATE]: gcs_mps = 0, ap_mps = 0
1565532292.292191 __main__     DEBUG    [SYS_STATE]: No data in queue_gcs
1565532292.292489 __main__     WARNING  [SYS_STATE]: Last gcs data is older than 1.500000 [s]
1565532292.292705 __main__     DEBUG    [SYS_STATE]: No data in queue_ap
1565532292.292839 __main__     WARNING  [SYS_STATE]: Last ap data is older than 1.500000 [s]
1565532292.292992 __main__     INFO     [SYS_STATE]: gcs_mps = 0, ap_mps = 0
1565532292.793723 __main__     DEBUG    [SYS_STATE]: No data in queue_gcs
1565532292.793884 __main__     WARNING  [SYS_STATE]: Last gcs data is older than 1.500000 [s]
1565532292.794005 __main__     DEBUG    [SYS_STATE]: No data in queue_ap
1565532292.794069 __main__     WARNING  [SYS_STATE]: Last ap data is older than 1.500000 [s]
1565532292.794135 __main__     INFO     [SYS_STATE]: gcs_mps = 0, ap_mps = 0
1565532293.294780 __main__     DEBUG    [SYS_STATE]: No data in queue_gcs
1565532293.295027 __main__     WARNING  [SYS_STATE]: Last gcs data is older than 1.500000 [s]
1565532293.295265 __main__     DEBUG    [SYS_STATE]: No data in queue_ap
1565532293.295443 __main__     WARNING  [SYS_STATE]: Last ap data is older than 1.500000 [s]
1565532293.295645 __main__     INFO     [SYS_STATE]: gcs_mps = 0, ap_mps = 0
1565532293.796420 __main__     DEBUG    [SYS_STATE]: No data in queue_gcs
1565532293.796649 __main__     WARNING  [SYS_STATE]: Last gcs data is older than 1.500000 [s]
1565532293.796808 __main__     DEBUG    [SYS_STATE]: No data in queue_ap
1565532293.796928 __main__     WARNING  [SYS_STATE]: Last ap data is older than 1.500000 [s]
1565532293.797185 __main__     INFO     [SYS_STATE]: gcs_mps = 0, ap_mps = 0
1565532294.297618 __main__     DEBUG    [SYS_STATE]: No data in queue_gcs
1565532294.297840 __main__     WARNING  [SYS_STATE]: Last gcs data is older than 1.500000 [s]
1565532294.298021 __main__     DEBUG    [SYS_STATE]: No data in queue_ap
1565532294.298157 __main__     WARNING  [SYS_STATE]: Last ap data is older than 1.500000 [s]
1565532294.298316 __main__     INFO     [SYS_STATE]: gcs_mps = 0, ap_mps = 0
1565532294.799088 __main__     DEBUG    [SYS_STATE]: No data in queue_gcs
1565532294.799304 __main__     WARNING  [SYS_STATE]: Last gcs data is older than 1.500000 [s]
1565532294.799453 __main__     DEBUG    [SYS_STATE]: No data in queue_ap
1565532294.799535 __main__     WARNING  [SYS_STATE]: Last ap data is older than 1.500000 [s]
1565532294.799622 __main__     INFO     [SYS_STATE]: gcs_mps = 0, ap_mps = 0
1565532295.300310 __main__     DEBUG    [SYS_STATE]: No data in queue_gcs
1565532295.300508 __main__     WARNING  [SYS_STATE]: Last gcs data is older than 1.500000 [s]
1565532295.300676 __main__     DEBUG    [SYS_STATE]: No data in queue_ap
1565532295.300798 __main__     WARNING  [SYS_STATE]: Last ap data is older than 1.500000 [s]
1565532295.300939 __main__     INFO     [SYS_STATE]: gcs_mps = 0, ap_mps = 0
1565532295.801677 __main__     DEBUG    [SYS_STATE]: No data in queue_gcs
1565532295.801909 __main__     WARNING  [SYS_STATE]: Last gcs data is older than 1.500000 [s]
1565532295.802114 __main__     DEBUG    [SYS_STATE]: No data in queue_ap
1565532295.802272 __main__     WARNING  [SYS_STATE]: Last ap data is older than 1.500000 [s]
1565532295.802451 __main__     INFO     [SYS_STATE]: gcs_mps = 0, ap_mps = 0
1565532296.303237 __main__     DEBUG    [SYS_STATE]: No data in queue_gcs
1565532296.303460 __main__     WARNING  [SYS_STATE]: Last gcs data is older than 1.500000 [s]
1565532296.303637 __main__     DEBUG    [SYS_STATE]: No data in queue_ap
1565532296.303774 __main__     WARNING  [SYS_STATE]: Last ap data is older than 1.500000 [s]
1565532296.303933 __main__     INFO     [SYS_STATE]: gcs_mps = 0, ap_mps = 0
1565532296.804736 __main__     DEBUG    [SYS_STATE]: No data in queue_gcs
1565532296.804919 __main__     WARNING  [SYS_STATE]: Last gcs data is older than 1.500000 [s]
1565532296.805056 __main__     DEBUG    [SYS_STATE]: No data in queue_ap
1565532296.805144 __main__     WARNING  [SYS_STATE]: Last ap data is older than 1.500000 [s]
1565532296.805225 __main__     INFO     [SYS_STATE]: gcs_mps = 0, ap_mps = 0
1565532297.305879 __main__     DEBUG    [SYS_STATE]: No data in queue_gcs
1565532297.306097 __main__     WARNING  [SYS_STATE]: Last gcs data is older than 1.500000 [s]
1565532297.306279 __main__     DEBUG    [SYS_STATE]: No data in queue_ap
1565532297.306417 __main__     WARNING  [SYS_STATE]: Last ap data is older than 1.500000 [s]
1565532297.306571 __main__     INFO     [SYS_STATE]: gcs_mps = 0, ap_mps = 0
1565532297.807304 __main__     DEBUG    [SYS_STATE]: No data in queue_gcs
1565532297.807609 __main__     WARNING  [SYS_STATE]: Last gcs data is older than 1.500000 [s]
1565532297.807869 __main__     DEBUG    [SYS_STATE]: No data in queue_ap
1565532297.808044 __main__     WARNING  [SYS_STATE]: Last ap data is older than 1.500000 [s]
1565532297.808183 __main__     INFO     [SYS_STATE]: gcs_mps = 0, ap_mps = 0
1565532298.308701 __main__     DEBUG    [SYS_STATE]: No data in queue_gcs
1565532298.309673 __main__     WARNING  [SYS_STATE]: Last gcs data is older than 1.500000 [s]
1565532298.310460 __main__     DEBUG    [SYS_STATE]: No data in queue_ap
1565532298.310998 __main__     WARNING  [SYS_STATE]: Last ap data is older than 1.500000 [s]
1565532298.311409 __main__     INFO     [SYS_STATE]: gcs_mps = 0, ap_mps = 0
1565532298.812361 __main__     DEBUG    [SYS_STATE]: No data in queue_gcs
1565532298.812662 __main__     WARNING  [SYS_STATE]: Last gcs data is older than 1.500000 [s]
1565532298.812885 __main__     DEBUG    [SYS_STATE]: No data in queue_ap
1565532298.813018 __main__     WARNING  [SYS_STATE]: Last ap data is older than 1.500000 [s]
1565532298.813182 __main__     INFO     [SYS_STATE]: gcs_mps = 0, ap_mps = 0
1565532299.313934 __main__     DEBUG    [SYS_STATE]: No data in queue_gcs
1565532299.314125 __main__     WARNING  [SYS_STATE]: Last gcs data is older than 1.500000 [s]
1565532299.314251 __main__     DEBUG    [SYS_STATE]: No data in queue_ap
1565532299.314325 __main__     WARNING  [SYS_STATE]: Last ap data is older than 1.500000 [s]
1565532299.314411 __main__     INFO     [SYS_STATE]: gcs_mps = 0, ap_mps = 0
1565532299.815142 __main__     DEBUG    [SYS_STATE]: No data in queue_gcs
1565532299.815370 __main__     WARNING  [SYS_STATE]: Last gcs data is older than 1.500000 [s]
1565532299.815556 __main__     DEBUG    [SYS_STATE]: No data in queue_ap
1565532299.815664 __main__     WARNING  [SYS_STATE]: Last ap data is older than 1.500000 [s]
1565532299.815779 __main__     INFO     [SYS_STATE]: gcs_mps = 0, ap_mps = 0
1565532300.316508 __main__     DEBUG    [SYS_STATE]: No data in queue_gcs
1565532300.316663 __main__     WARNING  [SYS_STATE]: Last gcs data is older than 1.500000 [s]
1565532300.316761 __main__     DEBUG    [SYS_STATE]: No data in queue_ap
1565532300.316829 __main__     WARNING  [SYS_STATE]: Last ap data is older than 1.500000 [s]
1565532300.316906 __main__     INFO     [SYS_STATE]: gcs_mps = 0, ap_mps = 0
1565532300.817579 __main__     DEBUG    [SYS_STATE]: No data in queue_gcs
1565532300.817811 __main__     WARNING  [SYS_STATE]: Last gcs data is older than 1.500000 [s]
1565532300.818042 __main__     DEBUG    [SYS_STATE]: No data in queue_ap
1565532300.818185 __main__     WARNING  [SYS_STATE]: Last ap data is older than 1.500000 [s]
1565532300.818292 __main__     INFO     [SYS_STATE]: gcs_mps = 0, ap_mps = 0
1565532301.318983 __main__     DEBUG    [SYS_STATE]: No data in queue_gcs
1565532301.319249 __main__     WARNING  [SYS_STATE]: Last gcs data is older than 1.500000 [s]
1565532301.319476 __main__     DEBUG    [SYS_STATE]: No data in queue_ap
1565532301.319640 __main__     WARNING  [SYS_STATE]: Last ap data is older than 1.500000 [s]
1565532301.319826 __main__     INFO     [SYS_STATE]: gcs_mps = 0, ap_mps = 0
1565532301.820611 __main__     DEBUG    [SYS_STATE]: No data in queue_gcs
1565532301.820951 __main__     WARNING  [SYS_STATE]: Last gcs data is older than 1.500000 [s]
1565532301.821259 __main__     DEBUG    [SYS_STATE]: No data in queue_ap
1565532301.821474 __main__     WARNING  [SYS_STATE]: Last ap data is older than 1.500000 [s]
1565532301.821772 __main__     INFO     [SYS_STATE]: gcs_mps = 0, ap_mps = 0
1565532302.322672 __main__     DEBUG    [SYS_STATE]: No data in queue_gcs
1565532302.323005 __main__     WARNING  [SYS_STATE]: Last gcs data is older than 1.500000 [s]
1565532302.323264 __main__     DEBUG    [SYS_STATE]: No data in queue_ap
1565532302.323449 __main__     WARNING  [SYS_STATE]: Last ap data is older than 1.500000 [s]
1565532302.323623 __main__     INFO     [SYS_STATE]: gcs_mps = 0, ap_mps = 0
1565532302.824444 __main__     DEBUG    [SYS_STATE]: No data in queue_gcs
1565532302.824692 __main__     WARNING  [SYS_STATE]: Last gcs data is older than 1.500000 [s]
1565532302.824866 __main__     DEBUG    [SYS_STATE]: No data in queue_ap
1565532302.824968 __main__     WARNING  [SYS_STATE]: Last ap data is older than 1.500000 [s]
1565532302.825080 __main__     INFO     [SYS_STATE]: gcs_mps = 0, ap_mps = 0
1565532303.325854 __main__     DEBUG    [SYS_STATE]: No data in queue_gcs
1565532303.326068 __main__     WARNING  [SYS_STATE]: Last gcs data is older than 1.500000 [s]
1565532303.326233 __main__     DEBUG    [SYS_STATE]: No data in queue_ap
1565532303.326360 __main__     WARNING  [SYS_STATE]: Last ap data is older than 1.500000 [s]
1565532303.326511 __main__     INFO     [SYS_STATE]: gcs_mps = 0, ap_mps = 0
1565532303.827236 __main__     DEBUG    [SYS_STATE]: No data in queue_gcs
1565532303.827407 __main__     WARNING  [SYS_STATE]: Last gcs data is older than 1.500000 [s]
1565532303.827529 __main__     DEBUG    [SYS_STATE]: No data in queue_ap
1565532303.827618 __main__     WARNING  [SYS_STATE]: Last ap data is older than 1.500000 [s]
1565532303.827719 __main__     INFO     [SYS_STATE]: gcs_mps = 0, ap_mps = 0
1565532304.328426 __main__     DEBUG    [SYS_STATE]: No data in queue_gcs
1565532304.328739 __main__     WARNING  [SYS_STATE]: Last gcs data is older than 1.500000 [s]
1565532304.328957 __main__     DEBUG    [SYS_STATE]: No data in queue_ap
1565532304.329105 __main__     WARNING  [SYS_STATE]: Last ap data is older than 1.500000 [s]
1565532304.329252 __main__     INFO     [SYS_STATE]: gcs_mps = 0, ap_mps = 0
1565532304.829963 __main__     DEBUG    [SYS_STATE]: No data in queue_gcs
1565532304.830148 __main__     WARNING  [SYS_STATE]: Last gcs data is older than 1.500000 [s]
1565532304.830313 __main__     DEBUG    [SYS_STATE]: No data in queue_ap
1565532304.830422 __main__     WARNING  [SYS_STATE]: Last ap data is older than 1.500000 [s]
1565532304.830551 __main__     INFO     [SYS_STATE]: gcs_mps = 0, ap_mps = 0
1565532305.331388 __main__     DEBUG    [SYS_STATE]: No data in queue_gcs
1565532305.331721 __main__     WARNING  [SYS_STATE]: Last gcs data is older than 1.500000 [s]
1565532305.332005 __main__     DEBUG    [SYS_STATE]: No data in queue_ap
1565532305.332240 __main__     WARNING  [SYS_STATE]: Last ap data is older than 1.500000 [s]
1565532305.332539 __main__     INFO     [SYS_STATE]: gcs_mps = 0, ap_mps = 0
1565532305.833447 __main__     DEBUG    [SYS_STATE]: No data in queue_gcs
1565532305.833736 __main__     WARNING  [SYS_STATE]: Last gcs data is older than 1.500000 [s]
1565532305.833954 __main__     DEBUG    [SYS_STATE]: No data in queue_ap
1565532305.834120 __main__     WARNING  [SYS_STATE]: Last ap data is older than 1.500000 [s]
1565532305.834362 __main__     INFO     [SYS_STATE]: gcs_mps = 0, ap_mps = 0
1565532306.335234 __main__     DEBUG    [SYS_STATE]: No data in queue_gcs
1565532306.335466 __main__     WARNING  [SYS_STATE]: Last gcs data is older than 1.500000 [s]
1565532306.335652 __main__     DEBUG    [SYS_STATE]: No data in queue_ap
1565532306.335808 __main__     WARNING  [SYS_STATE]: Last ap data is older than 1.500000 [s]
1565532306.336008 __main__     INFO     [SYS_STATE]: gcs_mps = 0, ap_mps = 0
1565532306.836839 __main__     DEBUG    [SYS_STATE]: No data in queue_gcs
1565532306.837095 __main__     WARNING  [SYS_STATE]: Last gcs data is older than 1.500000 [s]
1565532306.837263 __main__     DEBUG    [SYS_STATE]: No data in queue_ap
1565532306.837367 __main__     WARNING  [SYS_STATE]: Last ap data is older than 1.500000 [s]
1565532306.837497 __main__     INFO     [SYS_STATE]: gcs_mps = 0, ap_mps = 0
1565532307.338298 __main__     DEBUG    [SYS_STATE]: No data in queue_gcs
1565532307.338500 __main__     WARNING  [SYS_STATE]: Last gcs data is older than 1.500000 [s]
1565532307.338652 __main__     DEBUG    [SYS_STATE]: No data in queue_ap
1565532307.338776 __main__     WARNING  [SYS_STATE]: Last ap data is older than 1.500000 [s]
1565532307.338912 __main__     INFO     [SYS_STATE]: gcs_mps = 0, ap_mps = 0
1565532307.839669 __main__     DEBUG    [SYS_STATE]: No data in queue_gcs
1565532307.839939 __main__     WARNING  [SYS_STATE]: Last gcs data is older than 1.500000 [s]
1565532307.840173 __main__     DEBUG    [SYS_STATE]: No data in queue_ap
1565532307.840358 __main__     WARNING  [SYS_STATE]: Last ap data is older than 1.500000 [s]
1565532307.840562 __main__     INFO     [SYS_STATE]: gcs_mps = 0, ap_mps = 0
1565532308.341369 __main__     DEBUG    [SYS_STATE]: No data in queue_gcs
1565532308.341756 __main__     WARNING  [SYS_STATE]: Last gcs data is older than 1.500000 [s]
1565532308.342039 __main__     DEBUG    [SYS_STATE]: No data in queue_ap
1565532308.342253 __main__     WARNING  [SYS_STATE]: Last ap data is older than 1.500000 [s]
1565532308.342494 __main__     INFO     [SYS_STATE]: gcs_mps = 0, ap_mps = 0
1565532308.843324 __main__     DEBUG    [SYS_STATE]: No data in queue_gcs
1565532308.843518 __main__     WARNING  [SYS_STATE]: Last gcs data is older than 1.500000 [s]
1565532308.843669 __main__     DEBUG    [SYS_STATE]: No data in queue_ap
1565532308.843783 __main__     WARNING  [SYS_STATE]: Last ap data is older than 1.500000 [s]
1565532308.843916 __main__     INFO     [SYS_STATE]: gcs_mps = 0, ap_mps = 0
1565532309.344639 __main__     DEBUG    [SYS_STATE]: No data in queue_gcs
1565532309.344912 __main__     WARNING  [SYS_STATE]: Last gcs data is older than 1.500000 [s]
1565532309.345117 __main__     DEBUG    [SYS_STATE]: No data in queue_ap
1565532309.345252 __main__     WARNING  [SYS_STATE]: Last ap data is older than 1.500000 [s]
1565532309.345429 __main__     INFO     [SYS_STATE]: gcs_mps = 0, ap_mps = 0
1565532309.846300 __main__     DEBUG    [SYS_STATE]: No data in queue_gcs
1565532309.846592 __main__     WARNING  [SYS_STATE]: Last gcs data is older than 1.500000 [s]
1565532309.846832 __main__     DEBUG    [SYS_STATE]: No data in queue_ap
1565532309.846967 __main__     WARNING  [SYS_STATE]: Last ap data is older than 1.500000 [s]
1565532309.847133 __main__     INFO     [SYS_STATE]: gcs_mps = 0, ap_mps = 0
1565532310.347858 __main__     DEBUG    [SYS_STATE]: No data in queue_gcs
1565532310.348039 __main__     WARNING  [SYS_STATE]: Last gcs data is older than 1.500000 [s]
1565532310.348222 __main__     DEBUG    [SYS_STATE]: No data in queue_ap
1565532310.348342 __main__     WARNING  [SYS_STATE]: Last ap data is older than 1.500000 [s]
1565532310.348459 __main__     INFO     [SYS_STATE]: gcs_mps = 0, ap_mps = 0
1565532310.849143 __main__     DEBUG    [SYS_STATE]: No data in queue_gcs
1565532310.849386 __main__     WARNING  [SYS_STATE]: Last gcs data is older than 1.500000 [s]
1565532310.849674 __main__     DEBUG    [SYS_STATE]: No data in queue_ap
1565532310.849851 __main__     WARNING  [SYS_STATE]: Last ap data is older than 1.500000 [s]
1565532310.850440 __main__     INFO     [SYS_STATE]: gcs_mps = 0, ap_mps = 0
1565532311.351971 __main__     DEBUG    [SYS_STATE]: No data in queue_gcs
1565532311.352290 __main__     WARNING  [SYS_STATE]: Last gcs data is older than 1.500000 [s]
1565532311.352479 __main__     DEBUG    [SYS_STATE]: No data in queue_ap
1565532311.352594 __main__     WARNING  [SYS_STATE]: Last ap data is older than 1.500000 [s]
1565532311.352727 __main__     INFO     [SYS_STATE]: gcs_mps = 0, ap_mps = 0
1565532311.853436 __main__     DEBUG    [SYS_STATE]: No data in queue_gcs
1565532311.853826 __main__     WARNING  [SYS_STATE]: Last gcs data is older than 1.500000 [s]
1565532311.854072 __main__     DEBUG    [SYS_STATE]: No data in queue_ap
1565532311.854262 __main__     WARNING  [SYS_STATE]: Last ap data is older than 1.500000 [s]
1565532311.854455 __main__     INFO     [SYS_STATE]: gcs_mps = 0, ap_mps = 0
1565532312.355187 __main__     DEBUG    [SYS_STATE]: No data in queue_gcs
1565532312.355427 __main__     WARNING  [SYS_STATE]: Last gcs data is older than 1.500000 [s]
1565532312.355557 __main__     DEBUG    [SYS_STATE]: No data in queue_ap
1565532312.355633 __main__     WARNING  [SYS_STATE]: Last ap data is older than 1.500000 [s]
1565532312.355714 __main__     INFO     [SYS_STATE]: gcs_mps = 0, ap_mps = 0
1565532312.856415 __main__     DEBUG    [SYS_STATE]: No data in queue_gcs
1565532312.856612 __main__     WARNING  [SYS_STATE]: Last gcs data is older than 1.500000 [s]
1565532312.856768 __main__     DEBUG    [SYS_STATE]: No data in queue_ap
1565532312.856865 __main__     WARNING  [SYS_STATE]: Last ap data is older than 1.500000 [s]
1565532312.856964 __main__     INFO     [SYS_STATE]: gcs_mps = 0, ap_mps = 0
1565532313.357868 __main__     DEBUG    [SYS_STATE]: No data in queue_gcs
1565532313.358389 __main__     WARNING  [SYS_STATE]: Last gcs data is older than 1.500000 [s]
1565532313.359027 __main__     DEBUG    [SYS_STATE]: No data in queue_ap
1565532313.359213 __main__     WARNING  [SYS_STATE]: Last ap data is older than 1.500000 [s]
1565532313.359340 __main__     INFO     [SYS_STATE]: gcs_mps = 0, ap_mps = 0
1565532313.860161 __main__     DEBUG    [SYS_STATE]: No data in queue_gcs
1565532313.860376 __main__     WARNING  [SYS_STATE]: Last gcs data is older than 1.500000 [s]
1565532313.860544 __main__     DEBUG    [SYS_STATE]: No data in queue_ap
1565532313.860669 __main__     WARNING  [SYS_STATE]: Last ap data is older than 1.500000 [s]
1565532313.860819 __main__     INFO     [SYS_STATE]: gcs_mps = 0, ap_mps = 0
1565532314.361536 __main__     DEBUG    [SYS_STATE]: No data in queue_gcs
1565532314.361786 __main__     WARNING  [SYS_STATE]: Last gcs data is older than 1.500000 [s]
1565532314.361992 __main__     DEBUG    [SYS_STATE]: No data in queue_ap
1565532314.362146 __main__     WARNING  [SYS_STATE]: Last ap data is older than 1.500000 [s]
1565532314.362320 __main__     INFO     [SYS_STATE]: gcs_mps = 0, ap_mps = 0
1565532318.010932 __main__     INFO     [SYS_STATE]: Function system_state_callback called
1565532318.011136 __main__     INFO     [SYS_STATE]: logger.id = 140436856743360
1565532318.011395 __main__     INFO     [SYS_STATE]: queue_ap.id = 140436856032504
1565532318.011475 __main__     INFO     [SYS_STATE]: queue_gcs.id = 140436856032728
1565532318.011556 __main__     DEBUG    [SYS_STATE]: No data in queue_gcs
1565532318.011623 __main__     WARNING  [SYS_STATE]: Last gcs data is older than 1.500000 [s]
1565532318.011777 __main__     DEBUG    [SYS_STATE]: No data in queue_ap
1565532318.012724 __main__     WARNING  [SYS_STATE]: Last ap data is older than 1.500000 [s]
1565532318.012132 __main__     INFO     [GCS]: Function gcs_callback called
1565532318.013136 __main__     INFO     [SYS_STATE]: gcs_mps = 0, ap_mps = 0
1565532318.013841 __main__     DEBUG    [GCS]: put msg_count = 1
1565532318.014438 __main__     INFO     [AP]: Function ap_callback called
1565532318.015482 __main__     DEBUG    [AP]: put msg_count = 1
1565532318.515650 __main__     DEBUG    [SYS_STATE]: No data in queue_gcs
1565532318.515799 __main__     WARNING  [SYS_STATE]: Last gcs data is older than 1.500000 [s]
1565532318.515910 __main__     DEBUG    [SYS_STATE]: No data in queue_ap
1565532318.515982 __main__     WARNING  [SYS_STATE]: Last ap data is older than 1.500000 [s]
1565532318.516068 __main__     INFO     [SYS_STATE]: gcs_mps = 0, ap_mps = 0
1565532319.015945 __main__     DEBUG    [GCS]: put msg_count = 2
1565532319.016789 __main__     DEBUG    [AP]: put msg_count = 2
1565532319.016988 __main__     DEBUG    [SYS_STATE]: No data in queue_gcs
1565532319.017395 __main__     WARNING  [SYS_STATE]: Last gcs data is older than 1.500000 [s]
1565532319.017630 __main__     DEBUG    [SYS_STATE]: No data in queue_ap
1565532319.017744 __main__     WARNING  [SYS_STATE]: Last ap data is older than 1.500000 [s]
1565532319.017869 __main__     INFO     [SYS_STATE]: gcs_mps = 0, ap_mps = 0
1565532319.518625 __main__     DEBUG    [SYS_STATE]: No data in queue_gcs
1565532319.518853 __main__     WARNING  [SYS_STATE]: Last gcs data is older than 1.500000 [s]
1565532319.519003 __main__     DEBUG    [SYS_STATE]: No data in queue_ap
1565532319.519092 __main__     WARNING  [SYS_STATE]: Last ap data is older than 1.500000 [s]
1565532319.519198 __main__     INFO     [SYS_STATE]: gcs_mps = 0, ap_mps = 0
1565532320.017565 __main__     DEBUG    [GCS]: put msg_count = 3
1565532320.017869 __main__     DEBUG    [AP]: put msg_count = 3
1565532320.019871 __main__     DEBUG    [SYS_STATE]: No data in queue_gcs
1565532320.020162 __main__     WARNING  [SYS_STATE]: Last gcs data is older than 1.500000 [s]
1565532320.020435 __main__     DEBUG    [SYS_STATE]: No data in queue_ap
1565532320.020656 __main__     WARNING  [SYS_STATE]: Last ap data is older than 1.500000 [s]
1565532320.020916 __main__     INFO     [SYS_STATE]: gcs_mps = 0, ap_mps = 0
1565532320.521746 __main__     DEBUG    [SYS_STATE]: No data in queue_gcs
1565532320.522034 __main__     WARNING  [SYS_STATE]: Last gcs data is older than 1.500000 [s]
1565532320.522274 __main__     DEBUG    [SYS_STATE]: No data in queue_ap
1565532320.522469 __main__     WARNING  [SYS_STATE]: Last ap data is older than 1.500000 [s]
1565532320.522722 __main__     INFO     [SYS_STATE]: gcs_mps = 0, ap_mps = 0
1565532321.019175 __main__     DEBUG    [GCS]: put msg_count = 4
1565532321.019435 __main__     DEBUG    [AP]: put msg_count = 4
1565532321.023536 __main__     DEBUG    [SYS_STATE]: No data in queue_gcs
1565532321.023832 __main__     WARNING  [SYS_STATE]: Last gcs data is older than 1.500000 [s]
1565532321.024059 __main__     DEBUG    [SYS_STATE]: No data in queue_ap
1565532321.024189 __main__     WARNING  [SYS_STATE]: Last ap data is older than 1.500000 [s]
1565532321.024322 __main__     INFO     [SYS_STATE]: gcs_mps = 0, ap_mps = 0
1565532321.525038 __main__     DEBUG    [SYS_STATE]: No data in queue_gcs
1565532321.525321 __main__     WARNING  [SYS_STATE]: Last gcs data is older than 1.500000 [s]
1565532321.525595 __main__     DEBUG    [SYS_STATE]: No data in queue_ap
1565532321.525795 __main__     WARNING  [SYS_STATE]: Last ap data is older than 1.500000 [s]
1565532321.526036 __main__     INFO     [SYS_STATE]: gcs_mps = 0, ap_mps = 0
1565532322.020889 __main__     DEBUG    [GCS]: put msg_count = 5
1565532322.021193 __main__     DEBUG    [AP]: put msg_count = 5
1565532322.026788 __main__     DEBUG    [SYS_STATE]: No data in queue_gcs
1565532322.026983 __main__     WARNING  [SYS_STATE]: Last gcs data is older than 1.500000 [s]
1565532322.027105 __main__     DEBUG    [SYS_STATE]: No data in queue_ap
1565532322.027209 __main__     WARNING  [SYS_STATE]: Last ap data is older than 1.500000 [s]
1565532322.027307 __main__     INFO     [SYS_STATE]: gcs_mps = 0, ap_mps = 0
1565532322.528070 __main__     DEBUG    [SYS_STATE]: No data in queue_gcs
1565532322.528378 __main__     WARNING  [SYS_STATE]: Last gcs data is older than 1.500000 [s]
1565532322.528639 __main__     DEBUG    [SYS_STATE]: No data in queue_ap
1565532322.528837 __main__     WARNING  [SYS_STATE]: Last ap data is older than 1.500000 [s]
1565532322.529076 __main__     INFO     [SYS_STATE]: gcs_mps = 0, ap_mps = 0
1565532323.022881 __main__     DEBUG    [GCS]: put msg_count = 6
1565532323.023288 __main__     DEBUG    [AP]: put msg_count = 6
1565532323.029648 __main__     DEBUG    [SYS_STATE]: No data in queue_gcs
1565532323.029975 __main__     WARNING  [SYS_STATE]: Last gcs data is older than 1.500000 [s]
1565532323.030231 __main__     DEBUG    [SYS_STATE]: No data in queue_ap
1565532323.030415 __main__     WARNING  [SYS_STATE]: Last ap data is older than 1.500000 [s]
1565532323.030611 __main__     INFO     [SYS_STATE]: gcs_mps = 0, ap_mps = 0
1565532323.531637 __main__     DEBUG    [SYS_STATE]: No data in queue_gcs
1565532323.532429 __main__     WARNING  [SYS_STATE]: Last gcs data is older than 1.500000 [s]
1565532323.532778 __main__     DEBUG    [SYS_STATE]: No data in queue_ap
1565532323.532852 __main__     WARNING  [SYS_STATE]: Last ap data is older than 1.500000 [s]
1565532323.532939 __main__     INFO     [SYS_STATE]: gcs_mps = 0, ap_mps = 0
1565532324.024790 __main__     DEBUG    [GCS]: put msg_count = 7
1565532324.025092 __main__     DEBUG    [AP]: put msg_count = 7
1565532324.033634 __main__     DEBUG    [SYS_STATE]: No data in queue_gcs
1565532324.033938 __main__     WARNING  [SYS_STATE]: Last gcs data is older than 1.500000 [s]
1565532324.034212 __main__     DEBUG    [SYS_STATE]: No data in queue_ap
1565532324.034431 __main__     WARNING  [SYS_STATE]: Last ap data is older than 1.500000 [s]
1565532324.034678 __main__     INFO     [SYS_STATE]: gcs_mps = 0, ap_mps = 0
1565532324.535669 __main__     DEBUG    [SYS_STATE]: No data in queue_gcs
1565532324.536099 __main__     WARNING  [SYS_STATE]: Last gcs data is older than 1.500000 [s]
1565532324.536322 __main__     DEBUG    [SYS_STATE]: No data in queue_ap
1565532324.536491 __main__     WARNING  [SYS_STATE]: Last ap data is older than 1.500000 [s]
1565532324.536679 __main__     INFO     [SYS_STATE]: gcs_mps = 0, ap_mps = 0
1565532390.196243 __main__     INFO     [MAIN]: logger.id = 140220783752640
1565532390.196456 __main__     INFO     [MAIN]: queue_ap.id = 140220782917112
1565532390.196557 __main__     INFO     [MAIN]: queue_gcs.id = 140220782917336
1565532390.196851 __main__     INFO     [SYS_STATE]: Function system_state_callback called
1565532390.197025 __main__     INFO     [GCS]: Function gcs_callback called
1565532390.197086 __main__     INFO     [SYS_STATE]: logger.id = 140220783752640
1565532390.197243 __main__     INFO     [AP]: Function ap_callback called
1565532390.197318 __main__     DEBUG    [GCS]: put msg_count = 1
1565532390.197397 __main__     INFO     [SYS_STATE]: queue_ap.id = 140220782917112
1565532390.197509 __main__     DEBUG    [AP]: put msg_count = 1
1565532390.197710 __main__     INFO     [SYS_STATE]: queue_gcs.id = 140220782917336
1565532390.197855 __main__     DEBUG    [SYS_STATE]: No data in queue_gcs
1565532390.197927 __main__     WARNING  [SYS_STATE]: Last gcs data is older than 1.500000 [s]
1565532390.198103 __main__     DEBUG    [SYS_STATE]: No data in queue_ap
1565532390.198176 __main__     WARNING  [SYS_STATE]: Last ap data is older than 1.500000 [s]
1565532390.198272 __main__     INFO     [SYS_STATE]: gcs_mps = 0, ap_mps = 0
1565532390.698980 __main__     DEBUG    [SYS_STATE]: No data in queue_gcs
1565532390.699260 __main__     WARNING  [SYS_STATE]: Last gcs data is older than 1.500000 [s]
1565532390.699489 __main__     DEBUG    [SYS_STATE]: No data in queue_ap
1565532390.699663 __main__     WARNING  [SYS_STATE]: Last ap data is older than 1.500000 [s]
1565532390.699857 __main__     INFO     [SYS_STATE]: gcs_mps = 0, ap_mps = 0
1565532391.198733 __main__     DEBUG    [AP]: put msg_count = 2
1565532391.198921 __main__     DEBUG    [GCS]: put msg_count = 2
1565532391.200308 __main__     DEBUG    [SYS_STATE]: No data in queue_gcs
1565532391.200522 __main__     WARNING  [SYS_STATE]: Last gcs data is older than 1.500000 [s]
1565532391.200715 __main__     DEBUG    [SYS_STATE]: No data in queue_ap
1565532391.200830 __main__     WARNING  [SYS_STATE]: Last ap data is older than 1.500000 [s]
1565532391.200928 __main__     INFO     [SYS_STATE]: gcs_mps = 0, ap_mps = 0
1565532514.534053 __main__     INFO     [MAIN]: logger.id = 139981133493640
1565532514.534262 __main__     INFO     [MAIN]: queue_ap.id = 139981132658168
1565532514.534337 __main__     INFO     [MAIN]: queue_gcs.id = 139981132658392
1565532514.534609 __main__     INFO     [SYS_STATE]: Function system_state_callback called
1565532514.534760 __main__     INFO     [SYS_STATE]: logger.id = 139981133493640
1565532514.534832 __main__     INFO     [SYS_STATE]: queue_ap.id = 139981132658168
1565532514.534910 __main__     INFO     [SYS_STATE]: queue_gcs.id = 139981132658392
1565532514.534988 __main__     DEBUG    [SYS_STATE]: No data in queue_gcs
1565532514.535057 __main__     WARNING  [SYS_STATE]: Last gcs data is older than 1.500000 [s]
1565532514.535283 __main__     INFO     [GCS]: Function gcs_callback called
1565532514.535482 __main__     INFO     [AP]: Function ap_callback called
1565532514.535562 __main__     DEBUG    [SYS_STATE]: No data in queue_ap
1565532514.535674 __main__     DEBUG    [GCS]: put msg_count = 1
1565532514.535754 __main__     DEBUG    [AP]: put msg_count = 1
1565532514.535835 __main__     WARNING  [SYS_STATE]: Last ap data is older than 1.500000 [s]
1565532514.536017 __main__     INFO     [SYS_STATE]: gcs_mps = 0, ap_mps = 0
1565532514.636214 __main__     DEBUG    [GCS]: put msg_count = 2
1565532514.636550 __main__     DEBUG    [AP]: put msg_count = 2
1565532514.737192 __main__     DEBUG    [GCS]: put msg_count = 3
1565532514.737369 __main__     DEBUG    [AP]: put msg_count = 3
1565532514.837908 __main__     DEBUG    [GCS]: put msg_count = 4
1565532514.838142 __main__     DEBUG    [AP]: put msg_count = 4
1565532514.938508 __main__     DEBUG    [GCS]: put msg_count = 5
1565532514.938675 __main__     DEBUG    [AP]: put msg_count = 5
1565532515.036658 __main__     DEBUG    [SYS_STATE]: No data in queue_gcs
1565532515.036802 __main__     WARNING  [SYS_STATE]: Last gcs data is older than 1.500000 [s]
1565532515.036883 __main__     DEBUG    [SYS_STATE]: No data in queue_ap
1565532515.036933 __main__     WARNING  [SYS_STATE]: Last ap data is older than 1.500000 [s]
1565532515.036992 __main__     INFO     [SYS_STATE]: gcs_mps = 0, ap_mps = 0
1565532515.039046 __main__     DEBUG    [GCS]: put msg_count = 6
1565532515.039277 __main__     DEBUG    [AP]: put msg_count = 6
1565532515.139610 __main__     DEBUG    [GCS]: put msg_count = 7
1565532515.139786 __main__     DEBUG    [AP]: put msg_count = 7
1565532515.240117 __main__     DEBUG    [GCS]: put msg_count = 8
1565532515.240450 __main__     DEBUG    [AP]: put msg_count = 8
1565532515.340861 __main__     DEBUG    [GCS]: put msg_count = 9
1565532515.341100 __main__     DEBUG    [AP]: put msg_count = 9
1565532515.537716 __main__     DEBUG    [SYS_STATE]: No data in queue_gcs
1565532515.538235 __main__     WARNING  [SYS_STATE]: Last gcs data is older than 1.500000 [s]
1565532515.538686 __main__     DEBUG    [SYS_STATE]: No data in queue_ap
1565532515.538784 __main__     WARNING  [SYS_STATE]: Last ap data is older than 1.500000 [s]
1565532515.538897 __main__     INFO     [SYS_STATE]: gcs_mps = 0, ap_mps = 0
1565532516.039633 __main__     DEBUG    [SYS_STATE]: No data in queue_gcs
1565532516.040027 __main__     WARNING  [SYS_STATE]: Last gcs data is older than 1.500000 [s]
1565532516.040351 __main__     DEBUG    [SYS_STATE]: No data in queue_ap
1565532516.040645 __main__     WARNING  [SYS_STATE]: Last ap data is older than 1.500000 [s]
1565532516.040972 __main__     INFO     [SYS_STATE]: gcs_mps = 0, ap_mps = 0
1565532516.541899 __main__     DEBUG    [SYS_STATE]: No data in queue_gcs
1565532516.542172 __main__     WARNING  [SYS_STATE]: Last gcs data is older than 1.500000 [s]
1565532516.542371 __main__     DEBUG    [SYS_STATE]: No data in queue_ap
1565532516.542490 __main__     WARNING  [SYS_STATE]: Last ap data is older than 1.500000 [s]
1565532516.542638 __main__     INFO     [SYS_STATE]: gcs_mps = 0, ap_mps = 0
1565532517.043466 __main__     DEBUG    [SYS_STATE]: No data in queue_gcs
1565532517.043818 __main__     WARNING  [SYS_STATE]: Last gcs data is older than 1.500000 [s]
1565532517.044101 __main__     DEBUG    [SYS_STATE]: No data in queue_ap
1565532517.044327 __main__     WARNING  [SYS_STATE]: Last ap data is older than 1.500000 [s]
1565532517.044585 __main__     INFO     [SYS_STATE]: gcs_mps = 0, ap_mps = 0
1565532930.197781 __main__     INFO     [MAIN]: logger.id = 139817617053176
1565532930.198006 __main__     INFO     [MAIN]: queue_ap.id = 139817610626048
1565532930.198087 __main__     INFO     [MAIN]: queue_gcs.id = 139817610626608
1565532930.198327 __main__     INFO     [SYS_STATE]: Function system_state_callback called
1565532930.198501 __main__     INFO     [GCS]: Function gcs_callback called
1565532930.198559 __main__     INFO     [SYS_STATE]: logger.id = 139817617053176
1565532930.198733 __main__     INFO     [AP]: Function ap_callback called
1565532930.198862 __main__     INFO     [SYS_STATE]: queue_ap.id = 139817610626048
1565532930.199155 __main__     DEBUG    [GCS]: put msg_count = 1
1565532930.199461 __main__     INFO     [SYS_STATE]: queue_gcs.id = 139817610626608
1565532930.199943 __main__     DEBUG    [SYS_STATE]: No data in queue_gcs
1565532930.200043 __main__     DEBUG    [AP]: put msg_count = 1
1565532930.201122 __main__     WARNING  [SYS_STATE]: Last gcs data is older than 1.500000 [s]
1565532930.201549 __main__     DEBUG    [SYS_STATE]: No data in queue_ap
1565532930.201641 __main__     WARNING  [SYS_STATE]: Last ap data is older than 1.500000 [s]
1565532930.201730 __main__     INFO     [SYS_STATE]: gcs_mps = 0, ap_mps = 0
1565532930.702475 __main__     DEBUG    [SYS_STATE]: No data in queue_gcs
1565532930.702868 __main__     WARNING  [SYS_STATE]: Last gcs data is older than 1.500000 [s]
1565532930.703255 __main__     DEBUG    [SYS_STATE]: No data in queue_ap
1565532930.703567 __main__     WARNING  [SYS_STATE]: Last ap data is older than 1.500000 [s]
1565532930.703903 __main__     INFO     [SYS_STATE]: gcs_mps = 0, ap_mps = 0
1565532931.201152 __main__     DEBUG    [GCS]: put msg_count = 2
1565532931.201817 __main__     DEBUG    [AP]: put msg_count = 2
1565532931.204714 __main__     DEBUG    [SYS_STATE]: No data in queue_gcs
1565532931.204837 __main__     WARNING  [SYS_STATE]: Last gcs data is older than 1.500000 [s]
1565532931.204905 __main__     DEBUG    [SYS_STATE]: No data in queue_ap
1565532931.204950 __main__     WARNING  [SYS_STATE]: Last ap data is older than 1.500000 [s]
1565532931.205002 __main__     INFO     [SYS_STATE]: gcs_mps = 0, ap_mps = 0
1565532931.705754 __main__     DEBUG    [SYS_STATE]: No data in queue_gcs
1565532931.706162 __main__     WARNING  [SYS_STATE]: Last gcs data is older than 1.500000 [s]
1565532931.706521 __main__     DEBUG    [SYS_STATE]: No data in queue_ap
1565532931.706826 __main__     WARNING  [SYS_STATE]: Last ap data is older than 1.500000 [s]
1565532931.707134 __main__     INFO     [SYS_STATE]: gcs_mps = 0, ap_mps = 0
1565532932.204057 __main__     DEBUG    [GCS]: put msg_count = 3
1565532932.204559 __main__     DEBUG    [AP]: put msg_count = 3
1565532932.207940 __main__     DEBUG    [SYS_STATE]: No data in queue_gcs
1565532932.208336 __main__     WARNING  [SYS_STATE]: Last gcs data is older than 1.500000 [s]
1565532932.208612 __main__     DEBUG    [SYS_STATE]: No data in queue_ap
1565532932.208830 __main__     WARNING  [SYS_STATE]: Last ap data is older than 1.500000 [s]
1565532932.209069 __main__     INFO     [SYS_STATE]: gcs_mps = 0, ap_mps = 0
1565532932.709976 __main__     DEBUG    [SYS_STATE]: No data in queue_gcs
1565532932.710389 __main__     WARNING  [SYS_STATE]: Last gcs data is older than 1.500000 [s]
1565532932.710717 __main__     DEBUG    [SYS_STATE]: No data in queue_ap
1565532932.710937 __main__     WARNING  [SYS_STATE]: Last ap data is older than 1.500000 [s]
1565532932.711163 __main__     INFO     [SYS_STATE]: gcs_mps = 0, ap_mps = 0
1565532933.205754 __main__     DEBUG    [GCS]: put msg_count = 4
1565532933.206221 __main__     DEBUG    [AP]: put msg_count = 4
1565532933.211958 __main__     DEBUG    [SYS_STATE]: No data in queue_gcs
1565532933.212331 __main__     WARNING  [SYS_STATE]: Last gcs data is older than 1.500000 [s]
1565532933.212715 __main__     DEBUG    [SYS_STATE]: No data in queue_ap
1565532933.213029 __main__     WARNING  [SYS_STATE]: Last ap data is older than 1.500000 [s]
1565532933.213365 __main__     INFO     [SYS_STATE]: gcs_mps = 0, ap_mps = 0
1565532933.714389 __main__     DEBUG    [SYS_STATE]: No data in queue_gcs
1565532933.714799 __main__     WARNING  [SYS_STATE]: Last gcs data is older than 1.500000 [s]
1565532933.715164 __main__     DEBUG    [SYS_STATE]: No data in queue_ap
1565532933.715470 __main__     WARNING  [SYS_STATE]: Last ap data is older than 1.500000 [s]
1565532933.715809 __main__     INFO     [SYS_STATE]: gcs_mps = 0, ap_mps = 0
1565532934.208115 __main__     DEBUG    [GCS]: put msg_count = 5
1565532934.208609 __main__     DEBUG    [AP]: put msg_count = 5
1565532934.216640 __main__     DEBUG    [SYS_STATE]: No data in queue_gcs
1565532934.216830 __main__     WARNING  [SYS_STATE]: Last gcs data is older than 1.500000 [s]
1565532934.216940 __main__     DEBUG    [SYS_STATE]: No data in queue_ap
1565532934.217018 __main__     WARNING  [SYS_STATE]: Last ap data is older than 1.500000 [s]
1565532934.217099 __main__     INFO     [SYS_STATE]: gcs_mps = 0, ap_mps = 0
1565532934.717855 __main__     DEBUG    [SYS_STATE]: No data in queue_gcs
1565532934.718232 __main__     WARNING  [SYS_STATE]: Last gcs data is older than 1.500000 [s]
1565532934.718524 __main__     DEBUG    [SYS_STATE]: No data in queue_ap
1565532934.718736 __main__     WARNING  [SYS_STATE]: Last ap data is older than 1.500000 [s]
1565532934.718963 __main__     INFO     [SYS_STATE]: gcs_mps = 0, ap_mps = 0
1565532935.210040 __main__     DEBUG    [GCS]: put msg_count = 6
1565532935.210613 __main__     DEBUG    [AP]: put msg_count = 6
1565532935.219748 __main__     DEBUG    [SYS_STATE]: No data in queue_gcs
1565532935.219983 __main__     WARNING  [SYS_STATE]: Last gcs data is older than 1.500000 [s]
1565532935.220132 __main__     DEBUG    [SYS_STATE]: No data in queue_ap
1565532935.220231 __main__     WARNING  [SYS_STATE]: Last ap data is older than 1.500000 [s]
1565532935.220336 __main__     INFO     [SYS_STATE]: gcs_mps = 0, ap_mps = 0
1565532935.721111 __main__     DEBUG    [SYS_STATE]: No data in queue_gcs
1565532935.721384 __main__     WARNING  [SYS_STATE]: Last gcs data is older than 1.500000 [s]
1565532935.721620 __main__     DEBUG    [SYS_STATE]: No data in queue_ap
1565532935.721756 __main__     WARNING  [SYS_STATE]: Last ap data is older than 1.500000 [s]
1565532935.721912 __main__     INFO     [SYS_STATE]: gcs_mps = 0, ap_mps = 0
1565532936.211624 __main__     DEBUG    [AP]: put msg_count = 7
1565532936.212263 __main__     DEBUG    [GCS]: put msg_count = 7
1565532936.222313 __main__     DEBUG    [SYS_STATE]: No data in queue_gcs
1565532936.222743 __main__     WARNING  [SYS_STATE]: Last gcs data is older than 1.500000 [s]
1565532936.223089 __main__     DEBUG    [SYS_STATE]: No data in queue_ap
1565532936.223366 __main__     WARNING  [SYS_STATE]: Last ap data is older than 1.500000 [s]
1565532936.223694 __main__     INFO     [SYS_STATE]: gcs_mps = 0, ap_mps = 0
